Command: /mnt/vol_NFS_rh003/estudiantes/TFG_Sebastian_Barrantes_2026/Controlador_de_Memoria_TFG/Ambiente/Simulaciones/./mem_handler_simv +UVM_TESTNAME=mem_full_test +PHASE_ONLY=GENERAL +UVM_VERBOSITY=UVM_LOW +CSV_DIR=/mnt/vol_NFS_rh003/estudiantes/TFG_Sebastian_Barrantes_2026/Controlador_de_Memoria_TFG/Ambiente/Metricas +B_BP=10 +R_BP=10 -l /mnt/vol_NFS_rh003/estudiantes/TFG_Sebastian_Barrantes_2026/Controlador_de_Memoria_TFG/Ambiente/Metricas/run_bp10.log
Chronologic VCS simulator copyright 1991-2020
Contains Synopsys proprietary information.
Compiler version R-2020.12-SP2_Full64; Runtime version R-2020.12-SP2_Full64;  May 28 20:24 2026
UVM_INFO /mnt/vol_NFS_rh003/tools/vcs/R-2020.12-SP2/etc/uvm-1.2/base/uvm_root.svh(402) @ 0: reporter [UVM/RELNOTES] 
----------------------------------------------------------------
UVM-1.2.Synopsys
(C) 2007-2014 Mentor Graphics Corporation
(C) 2007-2014 Cadence Design Systems, Inc.
(C) 2006-2014 Synopsys, Inc.
(C) 2011-2013 Cypress Semiconductor Corp.
(C) 2013-2014 NVIDIA Corporation
----------------------------------------------------------------

  ***********       IMPORTANT RELEASE NOTES         ************

  You are using a version of the UVM library that has been compiled
  with `UVM_OBJECT_DO_NOT_NEED_CONSTRUCTOR undefined.
  See http://www.eda.org/svdb/view.php?id=3770 for more details.

      (Specify +UVM_NO_RELNOTES to turn off this notice)

UVM_INFO @ 0: reporter [RNTST] Running test mem_full_test...
UVM_INFO /mnt/vol_NFS_rh003/estudiantes/TFG_Sebastian_Barrantes_2026/Controlador_de_Memoria_TFG/Ambiente/mem_ctrl_scoreboard.sv(156) @ 0: uvm_test_top.env.sb [SB_CSV] CSV config: dir=/mnt/vol_NFS_rh003/estudiantes/TFG_Sebastian_Barrantes_2026/Controlador_de_Memoria_TFG/Ambiente/Metricas label=mem_full_test b_bp=10 r_bp=10
UVM_INFO /mnt/vol_NFS_rh003/estudiantes/TFG_Sebastian_Barrantes_2026/Controlador_de_Memoria_TFG/Ambiente/mem_ctrl_sequences.sv(265) @ 0: uvm_test_top.env.wr_agent.sequencer@@m_wr [MASTER_WR] === Phase A: GENERAL (100 WR) ===
UVM_INFO /mnt/vol_NFS_rh003/estudiantes/TFG_Sebastian_Barrantes_2026/Controlador_de_Memoria_TFG/Ambiente/mem_ctrl_sequences.sv(339) @ 30295000: uvm_test_top.env.rd_agent.sequencer@@m_rd [MASTER_RD] === Phase A: GENERAL (100 RD) ===
UVM_INFO /mnt/vol_NFS_rh003/estudiantes/TFG_Sebastian_Barrantes_2026/Controlador_de_Memoria_TFG/Ambiente/mem_ctrl_coverage.sv(230) @ 60015000: uvm_test_top.env.cov [COV_REPORT] cg_transaction: 80.00% | cg_arbitration: 64.17% | cg_bank_state: 26.67%
UVM_INFO /mnt/vol_NFS_rh003/estudiantes/TFG_Sebastian_Barrantes_2026/Controlador_de_Memoria_TFG/Ambiente/mem_ctrl_scoreboard.sv(394) @ 60015000: uvm_test_top.env.sb [SB_REPORT] ===== MEM_CTRL SCOREBOARD REPORT =====
UVM_INFO /mnt/vol_NFS_rh003/estudiantes/TFG_Sebastian_Barrantes_2026/Controlador_de_Memoria_TFG/Ambiente/mem_ctrl_scoreboard.sv(395) @ 60015000: uvm_test_top.env.sb [SB_REPORT] Writes issued:        100
UVM_INFO /mnt/vol_NFS_rh003/estudiantes/TFG_Sebastian_Barrantes_2026/Controlador_de_Memoria_TFG/Ambiente/mem_ctrl_scoreboard.sv(396) @ 60015000: uvm_test_top.env.sb [SB_REPORT] Reads issued:         100
UVM_INFO /mnt/vol_NFS_rh003/estudiantes/TFG_Sebastian_Barrantes_2026/Controlador_de_Memoria_TFG/Ambiente/mem_ctrl_scoreboard.sv(397) @ 60015000: uvm_test_top.env.sb [SB_REPORT] B  responses:         100
UVM_INFO /mnt/vol_NFS_rh003/estudiantes/TFG_Sebastian_Barrantes_2026/Controlador_de_Memoria_TFG/Ambiente/mem_ctrl_scoreboard.sv(398) @ 60015000: uvm_test_top.env.sb [SB_REPORT] R  responses:         100
UVM_INFO /mnt/vol_NFS_rh003/estudiantes/TFG_Sebastian_Barrantes_2026/Controlador_de_Memoria_TFG/Ambiente/mem_ctrl_scoreboard.sv(399) @ 60015000: uvm_test_top.env.sb [SB_REPORT] Invalid WR addr (M5): 0
UVM_INFO /mnt/vol_NFS_rh003/estudiantes/TFG_Sebastian_Barrantes_2026/Controlador_de_Memoria_TFG/Ambiente/mem_ctrl_scoreboard.sv(400) @ 60015000: uvm_test_top.env.sb [SB_REPORT] Invalid RD addr (M5): 0
UVM_INFO /mnt/vol_NFS_rh003/estudiantes/TFG_Sebastian_Barrantes_2026/Controlador_de_Memoria_TFG/Ambiente/mem_ctrl_scoreboard.sv(401) @ 60015000: uvm_test_top.env.sb [SB_REPORT] Data mismatches:      0
UVM_INFO /mnt/vol_NFS_rh003/estudiantes/TFG_Sebastian_Barrantes_2026/Controlador_de_Memoria_TFG/Ambiente/mem_ctrl_scoreboard.sv(402) @ 60015000: uvm_test_top.env.sb [SB_REPORT] RAW hazards tolerated:0
UVM_INFO /mnt/vol_NFS_rh003/estudiantes/TFG_Sebastian_Barrantes_2026/Controlador_de_Memoria_TFG/Ambiente/mem_ctrl_scoreboard.sv(403) @ 60015000: uvm_test_top.env.sb [SB_REPORT] Order violations:     0
UVM_INFO /mnt/vol_NFS_rh003/estudiantes/TFG_Sebastian_Barrantes_2026/Controlador_de_Memoria_TFG/Ambiente/mem_ctrl_scoreboard.sv(404) @ 60015000: uvm_test_top.env.sb [SB_REPORT] SLVERR observed:      0
UVM_INFO /mnt/vol_NFS_rh003/estudiantes/TFG_Sebastian_Barrantes_2026/Controlador_de_Memoria_TFG/Ambiente/mem_ctrl_scoreboard.sv(405) @ 60015000: uvm_test_top.env.sb [SB_REPORT] Avg WR latency (ns):  1672.60
UVM_INFO /mnt/vol_NFS_rh003/estudiantes/TFG_Sebastian_Barrantes_2026/Controlador_de_Memoria_TFG/Ambiente/mem_ctrl_scoreboard.sv(406) @ 60015000: uvm_test_top.env.sb [SB_REPORT] Min WR latency (ns):  140.00
UVM_INFO /mnt/vol_NFS_rh003/estudiantes/TFG_Sebastian_Barrantes_2026/Controlador_de_Memoria_TFG/Ambiente/mem_ctrl_scoreboard.sv(407) @ 60015000: uvm_test_top.env.sb [SB_REPORT] Max WR latency (ns):  1900.00
UVM_INFO /mnt/vol_NFS_rh003/estudiantes/TFG_Sebastian_Barrantes_2026/Controlador_de_Memoria_TFG/Ambiente/mem_ctrl_scoreboard.sv(408) @ 60015000: uvm_test_top.env.sb [SB_REPORT] Avg RD latency (ns):  2013.10
UVM_INFO /mnt/vol_NFS_rh003/estudiantes/TFG_Sebastian_Barrantes_2026/Controlador_de_Memoria_TFG/Ambiente/mem_ctrl_scoreboard.sv(409) @ 60015000: uvm_test_top.env.sb [SB_REPORT] Min RD latency (ns):  160.00
UVM_INFO /mnt/vol_NFS_rh003/estudiantes/TFG_Sebastian_Barrantes_2026/Controlador_de_Memoria_TFG/Ambiente/mem_ctrl_scoreboard.sv(410) @ 60015000: uvm_test_top.env.sb [SB_REPORT] Max RD latency (ns):  2370.00
UVM_INFO /mnt/vol_NFS_rh003/estudiantes/TFG_Sebastian_Barrantes_2026/Controlador_de_Memoria_TFG/Ambiente/mem_ctrl_scoreboard.sv(411) @ 60015000: uvm_test_top.env.sb [SB_REPORT] Throughput WR (op/us):1.666
UVM_INFO /mnt/vol_NFS_rh003/estudiantes/TFG_Sebastian_Barrantes_2026/Controlador_de_Memoria_TFG/Ambiente/mem_ctrl_scoreboard.sv(412) @ 60015000: uvm_test_top.env.sb [SB_REPORT] Throughput RD (op/us):1.666
UVM_INFO /mnt/vol_NFS_rh003/estudiantes/TFG_Sebastian_Barrantes_2026/Controlador_de_Memoria_TFG/Ambiente/mem_ctrl_scoreboard.sv(413) @ 60015000: uvm_test_top.env.sb [SB_REPORT] Sim time (ns):        60015
UVM_INFO /mnt/vol_NFS_rh003/estudiantes/TFG_Sebastian_Barrantes_2026/Controlador_de_Memoria_TFG/Ambiente/mem_ctrl_scoreboard.sv(414) @ 60015000: uvm_test_top.env.sb [SB_REPORT] AR queue remaining:   0
UVM_INFO /mnt/vol_NFS_rh003/estudiantes/TFG_Sebastian_Barrantes_2026/Controlador_de_Memoria_TFG/Ambiente/mem_ctrl_scoreboard.sv(416) @ 60015000: uvm_test_top.env.sb [SB_REPORT] Bank 0: WR=22 RD=34
UVM_INFO /mnt/vol_NFS_rh003/estudiantes/TFG_Sebastian_Barrantes_2026/Controlador_de_Memoria_TFG/Ambiente/mem_ctrl_scoreboard.sv(416) @ 60015000: uvm_test_top.env.sb [SB_REPORT] Bank 1: WR=23 RD=21
UVM_INFO /mnt/vol_NFS_rh003/estudiantes/TFG_Sebastian_Barrantes_2026/Controlador_de_Memoria_TFG/Ambiente/mem_ctrl_scoreboard.sv(416) @ 60015000: uvm_test_top.env.sb [SB_REPORT] Bank 2: WR=28 RD=22
UVM_INFO /mnt/vol_NFS_rh003/estudiantes/TFG_Sebastian_Barrantes_2026/Controlador_de_Memoria_TFG/Ambiente/mem_ctrl_scoreboard.sv(416) @ 60015000: uvm_test_top.env.sb [SB_REPORT] Bank 3: WR=27 RD=23
UVM_INFO /mnt/vol_NFS_rh003/estudiantes/TFG_Sebastian_Barrantes_2026/Controlador_de_Memoria_TFG/Ambiente/mem_ctrl_scoreboard.sv(461) @ 60015000: uvm_test_top.env.sb [SB_CSV] Summary written to /mnt/vol_NFS_rh003/estudiantes/TFG_Sebastian_Barrantes_2026/Controlador_de_Memoria_TFG/Ambiente/Metricas/metrics_summary.csv
UVM_INFO /mnt/vol_NFS_rh003/estudiantes/TFG_Sebastian_Barrantes_2026/Controlador_de_Memoria_TFG/Ambiente/mem_ctrl_scoreboard.sv(487) @ 60015000: uvm_test_top.env.sb [SB_CSV] Latencies written to /mnt/vol_NFS_rh003/estudiantes/TFG_Sebastian_Barrantes_2026/Controlador_de_Memoria_TFG/Ambiente/Metricas/latencies_detail.csv (200 entries)
UVM_INFO /mnt/vol_NFS_rh003/estudiantes/TFG_Sebastian_Barrantes_2026/Controlador_de_Memoria_TFG/Ambiente/mem_ctrl_scoreboard.sv(521) @ 60015000: uvm_test_top.env.sb [SB_CSV] Bank util written to /mnt/vol_NFS_rh003/estudiantes/TFG_Sebastian_Barrantes_2026/Controlador_de_Memoria_TFG/Ambiente/Metricas/bank_utilization.csv
UVM_INFO /mnt/vol_NFS_rh003/tools/vcs/R-2020.12-SP2/etc/uvm-1.2/base/uvm_report_catcher.svh(705) @ 60015000: reporter [UVM/REPORT/CATCHER] 
--- UVM Report catcher Summary ---


Number of demoted UVM_FATAL reports  :    0
Number of demoted UVM_ERROR reports  :    0
Number of demoted UVM_WARNING reports:    0
Number of caught UVM_FATAL reports   :    0
Number of caught UVM_ERROR reports   :    0
Number of caught UVM_WARNING reports :    0

UVM_INFO /mnt/vol_NFS_rh003/tools/vcs/R-2020.12-SP2/etc/uvm-1.2/base/uvm_report_server.svh(901) @ 60015000: reporter [UVM/REPORT/SERVER] 
--- UVM Report Summary ---

** Report counts by severity
UVM_INFO :   35
UVM_WARNING :    0
UVM_ERROR :    0
UVM_FATAL :    0
** Report counts by id
[COV_REPORT]     1
[MASTER_RD]     1
[MASTER_WR]     1
[RNTST]     1
[SB_CSV]     4
[SB_REPORT]    25
[UVM/RELNOTES]     1
[UVM/REPORT/CATCHER]     1

$finish called from file "/mnt/vol_NFS_rh003/tools/vcs/R-2020.12-SP2/etc/uvm-1.2/base/uvm_root.svh", line 527.
$finish at simulation time             60015000
"/mnt/vol_NFS_rh003/estudiantes/TFG_Sebastian_Barrantes_2026/Controlador_de_Memoria_TFG/RTL/SVA/sram_bank_controller_sva.sv", 333: tb_top.dut.gen_bank[3].u_bank.u_sram_bank_controller_sva.cp_write_completes, 6001 attempts, 27 match
"/mnt/vol_NFS_rh003/estudiantes/TFG_Sebastian_Barrantes_2026/Controlador_de_Memoria_TFG/RTL/SVA/sram_bank_controller_sva.sv", 338: tb_top.dut.gen_bank[3].u_bank.u_sram_bank_controller_sva.cp_read_completes, 6001 attempts, 23 match
"/mnt/vol_NFS_rh003/estudiantes/TFG_Sebastian_Barrantes_2026/Controlador_de_Memoria_TFG/RTL/SVA/sram_bank_controller_sva.sv", 343: tb_top.dut.gen_bank[3].u_bank.u_sram_bank_controller_sva.cp_wait_state_reached, 6001 attempts, 0 match
"/mnt/vol_NFS_rh003/estudiantes/TFG_Sebastian_Barrantes_2026/Controlador_de_Memoria_TFG/RTL/SVA/sram_bank_controller_sva.sv", 348: tb_top.dut.gen_bank[3].u_bank.u_sram_bank_controller_sva.cp_back_to_back, 6001 attempts, 0 match
"/mnt/vol_NFS_rh003/estudiantes/TFG_Sebastian_Barrantes_2026/Controlador_de_Memoria_TFG/RTL/SVA/sram_bank_controller_sva.sv", 333: tb_top.dut.gen_bank[2].u_bank.u_sram_bank_controller_sva.cp_write_completes, 6001 attempts, 28 match
"/mnt/vol_NFS_rh003/estudiantes/TFG_Sebastian_Barrantes_2026/Controlador_de_Memoria_TFG/RTL/SVA/sram_bank_controller_sva.sv", 338: tb_top.dut.gen_bank[2].u_bank.u_sram_bank_controller_sva.cp_read_completes, 6001 attempts, 22 match
"/mnt/vol_NFS_rh003/estudiantes/TFG_Sebastian_Barrantes_2026/Controlador_de_Memoria_TFG/RTL/SVA/sram_bank_controller_sva.sv", 343: tb_top.dut.gen_bank[2].u_bank.u_sram_bank_controller_sva.cp_wait_state_reached, 6001 attempts, 0 match
"/mnt/vol_NFS_rh003/estudiantes/TFG_Sebastian_Barrantes_2026/Controlador_de_Memoria_TFG/RTL/SVA/sram_bank_controller_sva.sv", 348: tb_top.dut.gen_bank[2].u_bank.u_sram_bank_controller_sva.cp_back_to_back, 6001 attempts, 1 match
"/mnt/vol_NFS_rh003/estudiantes/TFG_Sebastian_Barrantes_2026/Controlador_de_Memoria_TFG/RTL/SVA/sram_bank_controller_sva.sv", 333: tb_top.dut.gen_bank[1].u_bank.u_sram_bank_controller_sva.cp_write_completes, 6001 attempts, 23 match
"/mnt/vol_NFS_rh003/estudiantes/TFG_Sebastian_Barrantes_2026/Controlador_de_Memoria_TFG/RTL/SVA/sram_bank_controller_sva.sv", 338: tb_top.dut.gen_bank[1].u_bank.u_sram_bank_controller_sva.cp_read_completes, 6001 attempts, 21 match
"/mnt/vol_NFS_rh003/estudiantes/TFG_Sebastian_Barrantes_2026/Controlador_de_Memoria_TFG/RTL/SVA/sram_bank_controller_sva.sv", 343: tb_top.dut.gen_bank[1].u_bank.u_sram_bank_controller_sva.cp_wait_state_reached, 6001 attempts, 0 match
"/mnt/vol_NFS_rh003/estudiantes/TFG_Sebastian_Barrantes_2026/Controlador_de_Memoria_TFG/RTL/SVA/sram_bank_controller_sva.sv", 348: tb_top.dut.gen_bank[1].u_bank.u_sram_bank_controller_sva.cp_back_to_back, 6001 attempts, 1 match
"/mnt/vol_NFS_rh003/estudiantes/TFG_Sebastian_Barrantes_2026/Controlador_de_Memoria_TFG/RTL/SVA/sram_bank_controller_sva.sv", 333: tb_top.dut.gen_bank[0].u_bank.u_sram_bank_controller_sva.cp_write_completes, 6001 attempts, 22 match
"/mnt/vol_NFS_rh003/estudiantes/TFG_Sebastian_Barrantes_2026/Controlador_de_Memoria_TFG/RTL/SVA/sram_bank_controller_sva.sv", 338: tb_top.dut.gen_bank[0].u_bank.u_sram_bank_controller_sva.cp_read_completes, 6001 attempts, 34 match
"/mnt/vol_NFS_rh003/estudiantes/TFG_Sebastian_Barrantes_2026/Controlador_de_Memoria_TFG/RTL/SVA/sram_bank_controller_sva.sv", 343: tb_top.dut.gen_bank[0].u_bank.u_sram_bank_controller_sva.cp_wait_state_reached, 6001 attempts, 0 match
"/mnt/vol_NFS_rh003/estudiantes/TFG_Sebastian_Barrantes_2026/Controlador_de_Memoria_TFG/RTL/SVA/sram_bank_controller_sva.sv", 348: tb_top.dut.gen_bank[0].u_bank.u_sram_bank_controller_sva.cp_back_to_back, 6001 attempts, 0 match
"/mnt/vol_NFS_rh003/estudiantes/TFG_Sebastian_Barrantes_2026/Controlador_de_Memoria_TFG/RTL/SVA/rd_response_path_sva.sv", 322: tb_top.dut.u_rd_response_path.u_rd_response_path_sva.c_any_resp_occurred, 6001 attempts, 100 match
"/mnt/vol_NFS_rh003/estudiantes/TFG_Sebastian_Barrantes_2026/Controlador_de_Memoria_TFG/RTL/SVA/rd_response_path_sva.sv", 329: tb_top.dut.u_rd_response_path.u_rd_response_path_sva.c_multi_resp_concurrent, 6001 attempts, 0 match
"/mnt/vol_NFS_rh003/estudiantes/TFG_Sebastian_Barrantes_2026/Controlador_de_Memoria_TFG/RTL/SVA/rd_response_path_sva.sv", 335: tb_top.dut.u_rd_response_path.u_rd_response_path_sva.c_rob_push_occurred, 6001 attempts, 100 match
"/mnt/vol_NFS_rh003/estudiantes/TFG_Sebastian_Barrantes_2026/Controlador_de_Memoria_TFG/RTL/SVA/rd_response_path_sva.sv", 341: tb_top.dut.u_rd_response_path.u_rd_response_path_sva.c_rvalid_handshake, 6001 attempts, 100 match
"/mnt/vol_NFS_rh003/estudiantes/TFG_Sebastian_Barrantes_2026/Controlador_de_Memoria_TFG/RTL/SVA/rd_response_path_sva.sv", 347: tb_top.dut.u_rd_response_path.u_rd_response_path_sva.c_rob_full_occurred, 6001 attempts, 904 match
"/mnt/vol_NFS_rh003/estudiantes/TFG_Sebastian_Barrantes_2026/Controlador_de_Memoria_TFG/RTL/SVA/rd_response_path_sva.sv", 353: tb_top.dut.u_rd_response_path.u_rd_response_path_sva.c_fifo_full_backpressure, 6001 attempts, 957 match
"/mnt/vol_NFS_rh003/estudiantes/TFG_Sebastian_Barrantes_2026/Controlador_de_Memoria_TFG/RTL/SVA/rd_response_path_sva.sv", 359: tb_top.dut.u_rd_response_path.u_rd_response_path_sva.c_master_rready_fast, 6001 attempts, 0 match
"/mnt/vol_NFS_rh003/estudiantes/TFG_Sebastian_Barrantes_2026/Controlador_de_Memoria_TFG/RTL/SVA/rd_response_path_sva.sv", 365: tb_top.dut.u_rd_response_path.u_rd_response_path_sva.c_master_rready_slow, 6001 attempts, 1100 match
           V C S   S i m u l a t i o n   R e p o r t 
Time: 60015000 ps
CPU Time:      1.700 seconds;       Data structure size:   0.8Mb
Thu May 28 20:24:06 2026
