Command: /mnt/vol_NFS_rh003/estudiantes/TFG_Sebastian_Barrantes_2026/Controlador_de_Memoria_TFG/Ambiente/Simulaciones/./mem_handler_simv_n16_lat1 +UVM_TESTNAME=mem_full_test +UVM_VERBOSITY=UVM_LOW +CSV_DIR=/mnt/vol_NFS_rh003/estudiantes/TFG_Sebastian_Barrantes_2026/Controlador_de_Memoria_TFG/Ambiente/Metricas +B_BP=30 +R_BP=30 -l /mnt/vol_NFS_rh003/estudiantes/TFG_Sebastian_Barrantes_2026/Controlador_de_Memoria_TFG/Ambiente/Metricas/run_bp30.log
Chronologic VCS simulator copyright 1991-2020
Contains Synopsys proprietary information.
Compiler version R-2020.12-SP2_Full64; Runtime version R-2020.12-SP2_Full64;  Jun 10 17:07 2026
UVM_INFO /mnt/vol_NFS_rh003/tools/vcs/R-2020.12-SP2/etc/uvm-1.2/base/uvm_root.svh(402) @ 0: reporter [UVM/RELNOTES] 
----------------------------------------------------------------
UVM-1.2.Synopsys
(C) 2007-2014 Mentor Graphics Corporation
(C) 2007-2014 Cadence Design Systems, Inc.
(C) 2006-2014 Synopsys, Inc.
(C) 2011-2013 Cypress Semiconductor Corp.
(C) 2013-2014 NVIDIA Corporation
----------------------------------------------------------------

  ***********       IMPORTANT RELEASE NOTES         ************

  You are using a version of the UVM library that has been compiled
  with `UVM_OBJECT_DO_NOT_NEED_CONSTRUCTOR undefined.
  See http://www.eda.org/svdb/view.php?id=3770 for more details.

      (Specify +UVM_NO_RELNOTES to turn off this notice)

UVM_INFO @ 0: reporter [RNTST] Running test mem_full_test...
================================================
[TB_TOP] PARAMS: N_BANKS=16  READ_LAT=1  BANK_SIZE=8192
[TB_TOP] DUT inst: dut.N_BANKS=16  dut.READ_LATENCY=1
================================================
UVM_INFO /mnt/vol_NFS_rh003/estudiantes/TFG_Sebastian_Barrantes_2026/Controlador_de_Memoria_TFG/Ambiente/mem_ctrl_tests.sv(120) @ 0: uvm_test_top [TEST_PARAMS] env params: TEST_N_BANKS=16  TEST_BANK_SIZE_BYTES=8192
UVM_INFO /mnt/vol_NFS_rh003/estudiantes/TFG_Sebastian_Barrantes_2026/Controlador_de_Memoria_TFG/Ambiente/read_driver.sv(31) @ 0: uvm_test_top.env.rd_agent.driver [RD_DRV] build_phase: r_backpressure_cycles=30
UVM_INFO /mnt/vol_NFS_rh003/estudiantes/TFG_Sebastian_Barrantes_2026/Controlador_de_Memoria_TFG/Ambiente/mem_ctrl_scoreboard.sv(156) @ 0: uvm_test_top.env.sb [SB_CSV] CSV config: dir=/mnt/vol_NFS_rh003/estudiantes/TFG_Sebastian_Barrantes_2026/Controlador_de_Memoria_TFG/Ambiente/Metricas label=mem_full_test b_bp=30 r_bp=30
UVM_INFO /mnt/vol_NFS_rh003/estudiantes/TFG_Sebastian_Barrantes_2026/Controlador_de_Memoria_TFG/Ambiente/write_driver.sv(37) @ 0: uvm_test_top.env.wr_agent.driver [WR_DRV] build_phase: b_backpressure_cycles=30
UVM_INFO /mnt/vol_NFS_rh003/estudiantes/TFG_Sebastian_Barrantes_2026/Controlador_de_Memoria_TFG/Ambiente/mem_ctrl_sequences.sv(266) @ 0: uvm_test_top.env.wr_agent.sequencer@@m_wr [MASTER_WR] === Phase A: GENERAL ===
UVM_INFO /mnt/vol_NFS_rh003/estudiantes/TFG_Sebastian_Barrantes_2026/Controlador_de_Memoria_TFG/Ambiente/mem_ctrl_sequences.sv(379) @ 0: uvm_test_top.env.rd_agent.sequencer@@m_rd [MASTER_RD] === Phase A: GENERAL ===
UVM_INFO /mnt/vol_NFS_rh003/estudiantes/TFG_Sebastian_Barrantes_2026/Controlador_de_Memoria_TFG/Ambiente/mem_ctrl_sequences.sv(391) @ 310045000: uvm_test_top.env.rd_agent.sequencer@@m_rd [MASTER_RD] === Phase B0: SINGLE_BANK=0 ===
UVM_INFO /mnt/vol_NFS_rh003/estudiantes/TFG_Sebastian_Barrantes_2026/Controlador_de_Memoria_TFG/Ambiente/mem_ctrl_sequences.sv(279) @ 315095000: uvm_test_top.env.wr_agent.sequencer@@m_wr [MASTER_WR] === Phase B0: SINGLE_BANK=0 ===
UVM_INFO /mnt/vol_NFS_rh003/estudiantes/TFG_Sebastian_Barrantes_2026/Controlador_de_Memoria_TFG/Ambiente/mem_ctrl_sequences.sv(391) @ 342045000: uvm_test_top.env.rd_agent.sequencer@@m_rd [MASTER_RD] === Phase B1: SINGLE_BANK=1 ===
UVM_INFO /mnt/vol_NFS_rh003/estudiantes/TFG_Sebastian_Barrantes_2026/Controlador_de_Memoria_TFG/Ambiente/mem_ctrl_sequences.sv(279) @ 347095000: uvm_test_top.env.wr_agent.sequencer@@m_wr [MASTER_WR] === Phase B1: SINGLE_BANK=1 ===
UVM_INFO /mnt/vol_NFS_rh003/estudiantes/TFG_Sebastian_Barrantes_2026/Controlador_de_Memoria_TFG/Ambiente/mem_ctrl_sequences.sv(391) @ 374045000: uvm_test_top.env.rd_agent.sequencer@@m_rd [MASTER_RD] === Phase B2: SINGLE_BANK=2 ===
UVM_INFO /mnt/vol_NFS_rh003/estudiantes/TFG_Sebastian_Barrantes_2026/Controlador_de_Memoria_TFG/Ambiente/mem_ctrl_sequences.sv(279) @ 379095000: uvm_test_top.env.wr_agent.sequencer@@m_wr [MASTER_WR] === Phase B2: SINGLE_BANK=2 ===
UVM_INFO /mnt/vol_NFS_rh003/estudiantes/TFG_Sebastian_Barrantes_2026/Controlador_de_Memoria_TFG/Ambiente/mem_ctrl_sequences.sv(391) @ 406045000: uvm_test_top.env.rd_agent.sequencer@@m_rd [MASTER_RD] === Phase B3: SINGLE_BANK=3 ===
UVM_INFO /mnt/vol_NFS_rh003/estudiantes/TFG_Sebastian_Barrantes_2026/Controlador_de_Memoria_TFG/Ambiente/mem_ctrl_sequences.sv(279) @ 411095000: uvm_test_top.env.wr_agent.sequencer@@m_wr [MASTER_WR] === Phase B3: SINGLE_BANK=3 ===
UVM_INFO /mnt/vol_NFS_rh003/estudiantes/TFG_Sebastian_Barrantes_2026/Controlador_de_Memoria_TFG/Ambiente/mem_ctrl_sequences.sv(391) @ 438045000: uvm_test_top.env.rd_agent.sequencer@@m_rd [MASTER_RD] === Phase B4: SINGLE_BANK=4 ===
UVM_INFO /mnt/vol_NFS_rh003/estudiantes/TFG_Sebastian_Barrantes_2026/Controlador_de_Memoria_TFG/Ambiente/mem_ctrl_sequences.sv(279) @ 443095000: uvm_test_top.env.wr_agent.sequencer@@m_wr [MASTER_WR] === Phase B4: SINGLE_BANK=4 ===
UVM_INFO /mnt/vol_NFS_rh003/estudiantes/TFG_Sebastian_Barrantes_2026/Controlador_de_Memoria_TFG/Ambiente/mem_ctrl_sequences.sv(391) @ 470045000: uvm_test_top.env.rd_agent.sequencer@@m_rd [MASTER_RD] === Phase B5: SINGLE_BANK=5 ===
UVM_INFO /mnt/vol_NFS_rh003/estudiantes/TFG_Sebastian_Barrantes_2026/Controlador_de_Memoria_TFG/Ambiente/mem_ctrl_sequences.sv(279) @ 475095000: uvm_test_top.env.wr_agent.sequencer@@m_wr [MASTER_WR] === Phase B5: SINGLE_BANK=5 ===
UVM_INFO /mnt/vol_NFS_rh003/estudiantes/TFG_Sebastian_Barrantes_2026/Controlador_de_Memoria_TFG/Ambiente/mem_ctrl_sequences.sv(391) @ 502045000: uvm_test_top.env.rd_agent.sequencer@@m_rd [MASTER_RD] === Phase B6: SINGLE_BANK=6 ===
UVM_INFO /mnt/vol_NFS_rh003/estudiantes/TFG_Sebastian_Barrantes_2026/Controlador_de_Memoria_TFG/Ambiente/mem_ctrl_sequences.sv(279) @ 507095000: uvm_test_top.env.wr_agent.sequencer@@m_wr [MASTER_WR] === Phase B6: SINGLE_BANK=6 ===
UVM_INFO /mnt/vol_NFS_rh003/estudiantes/TFG_Sebastian_Barrantes_2026/Controlador_de_Memoria_TFG/Ambiente/mem_ctrl_sequences.sv(391) @ 534045000: uvm_test_top.env.rd_agent.sequencer@@m_rd [MASTER_RD] === Phase B7: SINGLE_BANK=7 ===
UVM_INFO /mnt/vol_NFS_rh003/estudiantes/TFG_Sebastian_Barrantes_2026/Controlador_de_Memoria_TFG/Ambiente/mem_ctrl_sequences.sv(279) @ 539095000: uvm_test_top.env.wr_agent.sequencer@@m_wr [MASTER_WR] === Phase B7: SINGLE_BANK=7 ===
UVM_INFO /mnt/vol_NFS_rh003/estudiantes/TFG_Sebastian_Barrantes_2026/Controlador_de_Memoria_TFG/Ambiente/mem_ctrl_sequences.sv(391) @ 566045000: uvm_test_top.env.rd_agent.sequencer@@m_rd [MASTER_RD] === Phase B8: SINGLE_BANK=8 ===
UVM_INFO /mnt/vol_NFS_rh003/estudiantes/TFG_Sebastian_Barrantes_2026/Controlador_de_Memoria_TFG/Ambiente/mem_ctrl_sequences.sv(279) @ 571095000: uvm_test_top.env.wr_agent.sequencer@@m_wr [MASTER_WR] === Phase B8: SINGLE_BANK=8 ===
UVM_INFO /mnt/vol_NFS_rh003/estudiantes/TFG_Sebastian_Barrantes_2026/Controlador_de_Memoria_TFG/Ambiente/mem_ctrl_sequences.sv(391) @ 598045000: uvm_test_top.env.rd_agent.sequencer@@m_rd [MASTER_RD] === Phase B9: SINGLE_BANK=9 ===
UVM_INFO /mnt/vol_NFS_rh003/estudiantes/TFG_Sebastian_Barrantes_2026/Controlador_de_Memoria_TFG/Ambiente/mem_ctrl_sequences.sv(279) @ 603095000: uvm_test_top.env.wr_agent.sequencer@@m_wr [MASTER_WR] === Phase B9: SINGLE_BANK=9 ===
UVM_INFO /mnt/vol_NFS_rh003/estudiantes/TFG_Sebastian_Barrantes_2026/Controlador_de_Memoria_TFG/Ambiente/mem_ctrl_sequences.sv(391) @ 630045000: uvm_test_top.env.rd_agent.sequencer@@m_rd [MASTER_RD] === Phase B10: SINGLE_BANK=10 ===
UVM_INFO /mnt/vol_NFS_rh003/estudiantes/TFG_Sebastian_Barrantes_2026/Controlador_de_Memoria_TFG/Ambiente/mem_ctrl_sequences.sv(279) @ 635095000: uvm_test_top.env.wr_agent.sequencer@@m_wr [MASTER_WR] === Phase B10: SINGLE_BANK=10 ===
UVM_INFO /mnt/vol_NFS_rh003/estudiantes/TFG_Sebastian_Barrantes_2026/Controlador_de_Memoria_TFG/Ambiente/mem_ctrl_sequences.sv(391) @ 662045000: uvm_test_top.env.rd_agent.sequencer@@m_rd [MASTER_RD] === Phase B11: SINGLE_BANK=11 ===
UVM_INFO /mnt/vol_NFS_rh003/estudiantes/TFG_Sebastian_Barrantes_2026/Controlador_de_Memoria_TFG/Ambiente/mem_ctrl_sequences.sv(279) @ 667095000: uvm_test_top.env.wr_agent.sequencer@@m_wr [MASTER_WR] === Phase B11: SINGLE_BANK=11 ===
UVM_INFO /mnt/vol_NFS_rh003/estudiantes/TFG_Sebastian_Barrantes_2026/Controlador_de_Memoria_TFG/Ambiente/mem_ctrl_sequences.sv(391) @ 694045000: uvm_test_top.env.rd_agent.sequencer@@m_rd [MASTER_RD] === Phase B12: SINGLE_BANK=12 ===
UVM_INFO /mnt/vol_NFS_rh003/estudiantes/TFG_Sebastian_Barrantes_2026/Controlador_de_Memoria_TFG/Ambiente/mem_ctrl_sequences.sv(279) @ 699095000: uvm_test_top.env.wr_agent.sequencer@@m_wr [MASTER_WR] === Phase B12: SINGLE_BANK=12 ===
UVM_INFO /mnt/vol_NFS_rh003/estudiantes/TFG_Sebastian_Barrantes_2026/Controlador_de_Memoria_TFG/Ambiente/mem_ctrl_sequences.sv(391) @ 726045000: uvm_test_top.env.rd_agent.sequencer@@m_rd [MASTER_RD] === Phase B13: SINGLE_BANK=13 ===
UVM_INFO /mnt/vol_NFS_rh003/estudiantes/TFG_Sebastian_Barrantes_2026/Controlador_de_Memoria_TFG/Ambiente/mem_ctrl_sequences.sv(279) @ 731095000: uvm_test_top.env.wr_agent.sequencer@@m_wr [MASTER_WR] === Phase B13: SINGLE_BANK=13 ===
UVM_INFO /mnt/vol_NFS_rh003/estudiantes/TFG_Sebastian_Barrantes_2026/Controlador_de_Memoria_TFG/Ambiente/mem_ctrl_sequences.sv(391) @ 758045000: uvm_test_top.env.rd_agent.sequencer@@m_rd [MASTER_RD] === Phase B14: SINGLE_BANK=14 ===
UVM_INFO /mnt/vol_NFS_rh003/estudiantes/TFG_Sebastian_Barrantes_2026/Controlador_de_Memoria_TFG/Ambiente/mem_ctrl_sequences.sv(279) @ 763095000: uvm_test_top.env.wr_agent.sequencer@@m_wr [MASTER_WR] === Phase B14: SINGLE_BANK=14 ===
UVM_INFO /mnt/vol_NFS_rh003/estudiantes/TFG_Sebastian_Barrantes_2026/Controlador_de_Memoria_TFG/Ambiente/mem_ctrl_sequences.sv(391) @ 790045000: uvm_test_top.env.rd_agent.sequencer@@m_rd [MASTER_RD] === Phase B15: SINGLE_BANK=15 ===
UVM_INFO /mnt/vol_NFS_rh003/estudiantes/TFG_Sebastian_Barrantes_2026/Controlador_de_Memoria_TFG/Ambiente/mem_ctrl_sequences.sv(279) @ 795095000: uvm_test_top.env.wr_agent.sequencer@@m_wr [MASTER_WR] === Phase B15: SINGLE_BANK=15 ===
UVM_INFO /mnt/vol_NFS_rh003/estudiantes/TFG_Sebastian_Barrantes_2026/Controlador_de_Memoria_TFG/Ambiente/mem_ctrl_sequences.sv(404) @ 822045000: uvm_test_top.env.rd_agent.sequencer@@m_rd [MASTER_RD] === Phase C: CONFLICT ===
UVM_INFO /mnt/vol_NFS_rh003/estudiantes/TFG_Sebastian_Barrantes_2026/Controlador_de_Memoria_TFG/Ambiente/mem_ctrl_sequences.sv(293) @ 827095000: uvm_test_top.env.wr_agent.sequencer@@m_wr [MASTER_WR] === Phase C: CONFLICT===
UVM_INFO /mnt/vol_NFS_rh003/estudiantes/TFG_Sebastian_Barrantes_2026/Controlador_de_Memoria_TFG/Ambiente/mem_ctrl_sequences.sv(415) @ 982045000: uvm_test_top.env.rd_agent.sequencer@@m_rd [MASTER_RD] === Phase D: INVALID_ADDR ===
UVM_INFO /mnt/vol_NFS_rh003/estudiantes/TFG_Sebastian_Barrantes_2026/Controlador_de_Memoria_TFG/Ambiente/mem_ctrl_sequences.sv(305) @ 987095000: uvm_test_top.env.wr_agent.sequencer@@m_wr [MASTER_WR] === Phase D: INVALID_ADDR ===
UVM_INFO /mnt/vol_NFS_rh003/estudiantes/TFG_Sebastian_Barrantes_2026/Controlador_de_Memoria_TFG/Ambiente/mem_ctrl_sequences.sv(429) @ 988285000: uvm_test_top.env.rd_agent.sequencer@@m_rd [MASTER_RD] === Phase G: ROB_WRAP ===
UVM_INFO /mnt/vol_NFS_rh003/estudiantes/TFG_Sebastian_Barrantes_2026/Controlador_de_Memoria_TFG/Ambiente/mem_ctrl_sequences.sv(317) @ 994325000: uvm_test_top.env.wr_agent.sequencer@@m_wr [MASTER_WR] === Phase E: WSTRB_STRESS ===
UVM_INFO /mnt/vol_NFS_rh003/estudiantes/TFG_Sebastian_Barrantes_2026/Controlador_de_Memoria_TFG/Ambiente/mem_ctrl_sequences.sv(435) @ 998045000: uvm_test_top.env.rd_agent.sequencer@@m_rd [MASTER_RD] === Phase F: FIFO_SATURATION (RD back-to-back) ===
UVM_INFO /mnt/vol_NFS_rh003/estudiantes/TFG_Sebastian_Barrantes_2026/Controlador_de_Memoria_TFG/Ambiente/mem_ctrl_sequences.sv(329) @ 1149265000: uvm_test_top.env.wr_agent.sequencer@@m_wr [MASTER_WR] === Phase F: FIFO_SATURATION (WR back-to-back) ===
UVM_INFO /mnt/vol_NFS_rh003/estudiantes/TFG_Sebastian_Barrantes_2026/Controlador_de_Memoria_TFG/Ambiente/mem_ctrl_coverage.sv(254) @ 1233265000: uvm_test_top.env.cov [COV_REPORT] cg_transaction: 96.00% | cg_arbitration: 94.55% | cg_bank_state: 46.32%
UVM_INFO /mnt/vol_NFS_rh003/estudiantes/TFG_Sebastian_Barrantes_2026/Controlador_de_Memoria_TFG/Ambiente/mem_ctrl_scoreboard.sv(396) @ 1233265000: uvm_test_top.env.sb [SB_REPORT] ===== MEM_CTRL SCOREBOARD REPORT =====
UVM_INFO /mnt/vol_NFS_rh003/estudiantes/TFG_Sebastian_Barrantes_2026/Controlador_de_Memoria_TFG/Ambiente/mem_ctrl_scoreboard.sv(397) @ 1233265000: uvm_test_top.env.sb [SB_REPORT] Writes issued:        3900
UVM_INFO /mnt/vol_NFS_rh003/estudiantes/TFG_Sebastian_Barrantes_2026/Controlador_de_Memoria_TFG/Ambiente/mem_ctrl_scoreboard.sv(398) @ 1233265000: uvm_test_top.env.sb [SB_REPORT] Reads issued:         3450
UVM_INFO /mnt/vol_NFS_rh003/estudiantes/TFG_Sebastian_Barrantes_2026/Controlador_de_Memoria_TFG/Ambiente/mem_ctrl_scoreboard.sv(399) @ 1233265000: uvm_test_top.env.sb [SB_REPORT] B  responses:         3800
UVM_INFO /mnt/vol_NFS_rh003/estudiantes/TFG_Sebastian_Barrantes_2026/Controlador_de_Memoria_TFG/Ambiente/mem_ctrl_scoreboard.sv(400) @ 1233265000: uvm_test_top.env.sb [SB_REPORT] R  responses:         3350
UVM_INFO /mnt/vol_NFS_rh003/estudiantes/TFG_Sebastian_Barrantes_2026/Controlador_de_Memoria_TFG/Ambiente/mem_ctrl_scoreboard.sv(401) @ 1233265000: uvm_test_top.env.sb [SB_REPORT] Invalid WR addr (M5): 100
UVM_INFO /mnt/vol_NFS_rh003/estudiantes/TFG_Sebastian_Barrantes_2026/Controlador_de_Memoria_TFG/Ambiente/mem_ctrl_scoreboard.sv(402) @ 1233265000: uvm_test_top.env.sb [SB_REPORT] Invalid RD addr (M5): 100
UVM_INFO /mnt/vol_NFS_rh003/estudiantes/TFG_Sebastian_Barrantes_2026/Controlador_de_Memoria_TFG/Ambiente/mem_ctrl_scoreboard.sv(403) @ 1233265000: uvm_test_top.env.sb [SB_REPORT] Data mismatches:      0
UVM_INFO /mnt/vol_NFS_rh003/estudiantes/TFG_Sebastian_Barrantes_2026/Controlador_de_Memoria_TFG/Ambiente/mem_ctrl_scoreboard.sv(404) @ 1233265000: uvm_test_top.env.sb [SB_REPORT] RAW hazards tolerated:0
UVM_INFO /mnt/vol_NFS_rh003/estudiantes/TFG_Sebastian_Barrantes_2026/Controlador_de_Memoria_TFG/Ambiente/mem_ctrl_scoreboard.sv(405) @ 1233265000: uvm_test_top.env.sb [SB_REPORT] Order violations:     0
UVM_INFO /mnt/vol_NFS_rh003/estudiantes/TFG_Sebastian_Barrantes_2026/Controlador_de_Memoria_TFG/Ambiente/mem_ctrl_scoreboard.sv(406) @ 1233265000: uvm_test_top.env.sb [SB_REPORT] SLVERR observed:      0
UVM_INFO /mnt/vol_NFS_rh003/estudiantes/TFG_Sebastian_Barrantes_2026/Controlador_de_Memoria_TFG/Ambiente/mem_ctrl_scoreboard.sv(408) @ 1233265000: uvm_test_top.env.sb [SB_REPORT] Avg WR latency (cyc): 1048.50
UVM_INFO /mnt/vol_NFS_rh003/estudiantes/TFG_Sebastian_Barrantes_2026/Controlador_de_Memoria_TFG/Ambiente/mem_ctrl_scoreboard.sv(409) @ 1233265000: uvm_test_top.env.sb [SB_REPORT] Min WR latency (cyc): 34.00
UVM_INFO /mnt/vol_NFS_rh003/estudiantes/TFG_Sebastian_Barrantes_2026/Controlador_de_Memoria_TFG/Ambiente/mem_ctrl_scoreboard.sv(410) @ 1233265000: uvm_test_top.env.sb [SB_REPORT] Max WR latency (cyc): 3710.00
UVM_INFO /mnt/vol_NFS_rh003/estudiantes/TFG_Sebastian_Barrantes_2026/Controlador_de_Memoria_TFG/Ambiente/mem_ctrl_scoreboard.sv(411) @ 1233265000: uvm_test_top.env.sb [SB_REPORT] Avg RD latency (cyc): 1192.27
UVM_INFO /mnt/vol_NFS_rh003/estudiantes/TFG_Sebastian_Barrantes_2026/Controlador_de_Memoria_TFG/Ambiente/mem_ctrl_scoreboard.sv(412) @ 1233265000: uvm_test_top.env.sb [SB_REPORT] Min RD latency (cyc): 36.00
UVM_INFO /mnt/vol_NFS_rh003/estudiantes/TFG_Sebastian_Barrantes_2026/Controlador_de_Memoria_TFG/Ambiente/mem_ctrl_scoreboard.sv(413) @ 1233265000: uvm_test_top.env.sb [SB_REPORT] Max RD latency (cyc): 4221.00
UVM_INFO /mnt/vol_NFS_rh003/estudiantes/TFG_Sebastian_Barrantes_2026/Controlador_de_Memoria_TFG/Ambiente/mem_ctrl_scoreboard.sv(415) @ 1233265000: uvm_test_top.env.sb [SB_REPORT] Throughput WR (op/cyc):0.0308
UVM_INFO /mnt/vol_NFS_rh003/estudiantes/TFG_Sebastian_Barrantes_2026/Controlador_de_Memoria_TFG/Ambiente/mem_ctrl_scoreboard.sv(416) @ 1233265000: uvm_test_top.env.sb [SB_REPORT] Throughput RD (op/cyc):0.0272
UVM_INFO /mnt/vol_NFS_rh003/estudiantes/TFG_Sebastian_Barrantes_2026/Controlador_de_Memoria_TFG/Ambiente/mem_ctrl_scoreboard.sv(417) @ 1233265000: uvm_test_top.env.sb [SB_REPORT] Sim time (cyc):       123326
UVM_INFO /mnt/vol_NFS_rh003/estudiantes/TFG_Sebastian_Barrantes_2026/Controlador_de_Memoria_TFG/Ambiente/mem_ctrl_scoreboard.sv(419) @ 1233265000: uvm_test_top.env.sb [SB_REPORT] Bank 0: WR=220 RD=214
UVM_INFO /mnt/vol_NFS_rh003/estudiantes/TFG_Sebastian_Barrantes_2026/Controlador_de_Memoria_TFG/Ambiente/mem_ctrl_scoreboard.sv(419) @ 1233265000: uvm_test_top.env.sb [SB_REPORT] Bank 1: WR=222 RD=201
UVM_INFO /mnt/vol_NFS_rh003/estudiantes/TFG_Sebastian_Barrantes_2026/Controlador_de_Memoria_TFG/Ambiente/mem_ctrl_scoreboard.sv(419) @ 1233265000: uvm_test_top.env.sb [SB_REPORT] Bank 2: WR=229 RD=195
UVM_INFO /mnt/vol_NFS_rh003/estudiantes/TFG_Sebastian_Barrantes_2026/Controlador_de_Memoria_TFG/Ambiente/mem_ctrl_scoreboard.sv(419) @ 1233265000: uvm_test_top.env.sb [SB_REPORT] Bank 3: WR=237 RD=219
UVM_INFO /mnt/vol_NFS_rh003/estudiantes/TFG_Sebastian_Barrantes_2026/Controlador_de_Memoria_TFG/Ambiente/mem_ctrl_scoreboard.sv(419) @ 1233265000: uvm_test_top.env.sb [SB_REPORT] Bank 4: WR=233 RD=197
UVM_INFO /mnt/vol_NFS_rh003/estudiantes/TFG_Sebastian_Barrantes_2026/Controlador_de_Memoria_TFG/Ambiente/mem_ctrl_scoreboard.sv(419) @ 1233265000: uvm_test_top.env.sb [SB_REPORT] Bank 5: WR=228 RD=216
UVM_INFO /mnt/vol_NFS_rh003/estudiantes/TFG_Sebastian_Barrantes_2026/Controlador_de_Memoria_TFG/Ambiente/mem_ctrl_scoreboard.sv(419) @ 1233265000: uvm_test_top.env.sb [SB_REPORT] Bank 6: WR=241 RD=207
UVM_INFO /mnt/vol_NFS_rh003/estudiantes/TFG_Sebastian_Barrantes_2026/Controlador_de_Memoria_TFG/Ambiente/mem_ctrl_scoreboard.sv(419) @ 1233265000: uvm_test_top.env.sb [SB_REPORT] Bank 7: WR=235 RD=221
UVM_INFO /mnt/vol_NFS_rh003/estudiantes/TFG_Sebastian_Barrantes_2026/Controlador_de_Memoria_TFG/Ambiente/mem_ctrl_scoreboard.sv(419) @ 1233265000: uvm_test_top.env.sb [SB_REPORT] Bank 8: WR=221 RD=210
UVM_INFO /mnt/vol_NFS_rh003/estudiantes/TFG_Sebastian_Barrantes_2026/Controlador_de_Memoria_TFG/Ambiente/mem_ctrl_scoreboard.sv(419) @ 1233265000: uvm_test_top.env.sb [SB_REPORT] Bank 9: WR=224 RD=216
UVM_INFO /mnt/vol_NFS_rh003/estudiantes/TFG_Sebastian_Barrantes_2026/Controlador_de_Memoria_TFG/Ambiente/mem_ctrl_scoreboard.sv(419) @ 1233265000: uvm_test_top.env.sb [SB_REPORT] Bank 10: WR=250 RD=211
UVM_INFO /mnt/vol_NFS_rh003/estudiantes/TFG_Sebastian_Barrantes_2026/Controlador_de_Memoria_TFG/Ambiente/mem_ctrl_scoreboard.sv(419) @ 1233265000: uvm_test_top.env.sb [SB_REPORT] Bank 11: WR=251 RD=205
UVM_INFO /mnt/vol_NFS_rh003/estudiantes/TFG_Sebastian_Barrantes_2026/Controlador_de_Memoria_TFG/Ambiente/mem_ctrl_scoreboard.sv(419) @ 1233265000: uvm_test_top.env.sb [SB_REPORT] Bank 12: WR=215 RD=200
UVM_INFO /mnt/vol_NFS_rh003/estudiantes/TFG_Sebastian_Barrantes_2026/Controlador_de_Memoria_TFG/Ambiente/mem_ctrl_scoreboard.sv(419) @ 1233265000: uvm_test_top.env.sb [SB_REPORT] Bank 13: WR=215 RD=218
UVM_INFO /mnt/vol_NFS_rh003/estudiantes/TFG_Sebastian_Barrantes_2026/Controlador_de_Memoria_TFG/Ambiente/mem_ctrl_scoreboard.sv(419) @ 1233265000: uvm_test_top.env.sb [SB_REPORT] Bank 14: WR=238 RD=210
UVM_INFO /mnt/vol_NFS_rh003/estudiantes/TFG_Sebastian_Barrantes_2026/Controlador_de_Memoria_TFG/Ambiente/mem_ctrl_scoreboard.sv(419) @ 1233265000: uvm_test_top.env.sb [SB_REPORT] Bank 15: WR=241 RD=210
UVM_INFO /mnt/vol_NFS_rh003/estudiantes/TFG_Sebastian_Barrantes_2026/Controlador_de_Memoria_TFG/Ambiente/mem_ctrl_scoreboard.sv(464) @ 1233265000: uvm_test_top.env.sb [SB_CSV] Summary written to /mnt/vol_NFS_rh003/estudiantes/TFG_Sebastian_Barrantes_2026/Controlador_de_Memoria_TFG/Ambiente/Metricas/metrics_summary.csv
UVM_INFO /mnt/vol_NFS_rh003/estudiantes/TFG_Sebastian_Barrantes_2026/Controlador_de_Memoria_TFG/Ambiente/mem_ctrl_scoreboard.sv(490) @ 1233265000: uvm_test_top.env.sb [SB_CSV] Latencies written to /mnt/vol_NFS_rh003/estudiantes/TFG_Sebastian_Barrantes_2026/Controlador_de_Memoria_TFG/Ambiente/Metricas/latencies_detail.csv (7150 entries)
UVM_INFO /mnt/vol_NFS_rh003/estudiantes/TFG_Sebastian_Barrantes_2026/Controlador_de_Memoria_TFG/Ambiente/mem_ctrl_scoreboard.sv(524) @ 1233265000: uvm_test_top.env.sb [SB_CSV] Bank util written to /mnt/vol_NFS_rh003/estudiantes/TFG_Sebastian_Barrantes_2026/Controlador_de_Memoria_TFG/Ambiente/Metricas/bank_utilization.csv
UVM_INFO /mnt/vol_NFS_rh003/tools/vcs/R-2020.12-SP2/etc/uvm-1.2/base/uvm_report_catcher.svh(705) @ 1233265000: reporter [UVM/REPORT/CATCHER] 
--- UVM Report catcher Summary ---


Number of demoted UVM_FATAL reports  :    0
Number of demoted UVM_ERROR reports  :    0
Number of demoted UVM_WARNING reports:    0
Number of caught UVM_FATAL reports   :    0
Number of caught UVM_ERROR reports   :    0
Number of caught UVM_WARNING reports :    0

UVM_INFO /mnt/vol_NFS_rh003/tools/vcs/R-2020.12-SP2/etc/uvm-1.2/base/uvm_report_server.svh(901) @ 1233265000: reporter [UVM/REPORT/SERVER] 
--- UVM Report Summary ---

** Report counts by severity
UVM_INFO :   89
UVM_WARNING :    0
UVM_ERROR :    0
UVM_FATAL :    0
** Report counts by id
[COV_REPORT]     1
[MASTER_RD]    21
[MASTER_WR]    21
[RD_DRV]     1
[RNTST]     1
[SB_CSV]     4
[SB_REPORT]    36
[TEST_PARAMS]     1
[UVM/RELNOTES]     1
[UVM/REPORT/CATCHER]     1
[WR_DRV]     1

$finish called from file "/mnt/vol_NFS_rh003/tools/vcs/R-2020.12-SP2/etc/uvm-1.2/base/uvm_root.svh", line 527.
$finish at simulation time           1233265000
"/mnt/vol_NFS_rh003/estudiantes/TFG_Sebastian_Barrantes_2026/Controlador_de_Memoria_TFG/RTL/SVA/sram_bank_controller_sva.sv", 333: tb_top.dut.gen_bank[15].u_bank.u_sram_bank_controller_sva.cp_write_completes, 123326 attempts, 247 match
"/mnt/vol_NFS_rh003/estudiantes/TFG_Sebastian_Barrantes_2026/Controlador_de_Memoria_TFG/RTL/SVA/sram_bank_controller_sva.sv", 338: tb_top.dut.gen_bank[15].u_bank.u_sram_bank_controller_sva.cp_read_completes, 123326 attempts, 210 match
"/mnt/vol_NFS_rh003/estudiantes/TFG_Sebastian_Barrantes_2026/Controlador_de_Memoria_TFG/RTL/SVA/sram_bank_controller_sva.sv", 343: tb_top.dut.gen_bank[15].u_bank.u_sram_bank_controller_sva.cp_wait_state_reached, 123326 attempts, 0 match
"/mnt/vol_NFS_rh003/estudiantes/TFG_Sebastian_Barrantes_2026/Controlador_de_Memoria_TFG/RTL/SVA/sram_bank_controller_sva.sv", 348: tb_top.dut.gen_bank[15].u_bank.u_sram_bank_controller_sva.cp_back_to_back, 123326 attempts, 0 match
"/mnt/vol_NFS_rh003/estudiantes/TFG_Sebastian_Barrantes_2026/Controlador_de_Memoria_TFG/RTL/SVA/sram_bank_controller_sva.sv", 333: tb_top.dut.gen_bank[14].u_bank.u_sram_bank_controller_sva.cp_write_completes, 123326 attempts, 244 match
"/mnt/vol_NFS_rh003/estudiantes/TFG_Sebastian_Barrantes_2026/Controlador_de_Memoria_TFG/RTL/SVA/sram_bank_controller_sva.sv", 338: tb_top.dut.gen_bank[14].u_bank.u_sram_bank_controller_sva.cp_read_completes, 123326 attempts, 210 match
"/mnt/vol_NFS_rh003/estudiantes/TFG_Sebastian_Barrantes_2026/Controlador_de_Memoria_TFG/RTL/SVA/sram_bank_controller_sva.sv", 343: tb_top.dut.gen_bank[14].u_bank.u_sram_bank_controller_sva.cp_wait_state_reached, 123326 attempts, 0 match
"/mnt/vol_NFS_rh003/estudiantes/TFG_Sebastian_Barrantes_2026/Controlador_de_Memoria_TFG/RTL/SVA/sram_bank_controller_sva.sv", 348: tb_top.dut.gen_bank[14].u_bank.u_sram_bank_controller_sva.cp_back_to_back, 123326 attempts, 0 match
"/mnt/vol_NFS_rh003/estudiantes/TFG_Sebastian_Barrantes_2026/Controlador_de_Memoria_TFG/RTL/SVA/sram_bank_controller_sva.sv", 333: tb_top.dut.gen_bank[13].u_bank.u_sram_bank_controller_sva.cp_write_completes, 123326 attempts, 221 match
"/mnt/vol_NFS_rh003/estudiantes/TFG_Sebastian_Barrantes_2026/Controlador_de_Memoria_TFG/RTL/SVA/sram_bank_controller_sva.sv", 338: tb_top.dut.gen_bank[13].u_bank.u_sram_bank_controller_sva.cp_read_completes, 123326 attempts, 218 match
"/mnt/vol_NFS_rh003/estudiantes/TFG_Sebastian_Barrantes_2026/Controlador_de_Memoria_TFG/RTL/SVA/sram_bank_controller_sva.sv", 343: tb_top.dut.gen_bank[13].u_bank.u_sram_bank_controller_sva.cp_wait_state_reached, 123326 attempts, 0 match
"/mnt/vol_NFS_rh003/estudiantes/TFG_Sebastian_Barrantes_2026/Controlador_de_Memoria_TFG/RTL/SVA/sram_bank_controller_sva.sv", 348: tb_top.dut.gen_bank[13].u_bank.u_sram_bank_controller_sva.cp_back_to_back, 123326 attempts, 0 match
"/mnt/vol_NFS_rh003/estudiantes/TFG_Sebastian_Barrantes_2026/Controlador_de_Memoria_TFG/RTL/SVA/sram_bank_controller_sva.sv", 333: tb_top.dut.gen_bank[12].u_bank.u_sram_bank_controller_sva.cp_write_completes, 123326 attempts, 221 match
"/mnt/vol_NFS_rh003/estudiantes/TFG_Sebastian_Barrantes_2026/Controlador_de_Memoria_TFG/RTL/SVA/sram_bank_controller_sva.sv", 338: tb_top.dut.gen_bank[12].u_bank.u_sram_bank_controller_sva.cp_read_completes, 123326 attempts, 200 match
"/mnt/vol_NFS_rh003/estudiantes/TFG_Sebastian_Barrantes_2026/Controlador_de_Memoria_TFG/RTL/SVA/sram_bank_controller_sva.sv", 343: tb_top.dut.gen_bank[12].u_bank.u_sram_bank_controller_sva.cp_wait_state_reached, 123326 attempts, 0 match
"/mnt/vol_NFS_rh003/estudiantes/TFG_Sebastian_Barrantes_2026/Controlador_de_Memoria_TFG/RTL/SVA/sram_bank_controller_sva.sv", 348: tb_top.dut.gen_bank[12].u_bank.u_sram_bank_controller_sva.cp_back_to_back, 123326 attempts, 1 match
"/mnt/vol_NFS_rh003/estudiantes/TFG_Sebastian_Barrantes_2026/Controlador_de_Memoria_TFG/RTL/SVA/sram_bank_controller_sva.sv", 333: tb_top.dut.gen_bank[11].u_bank.u_sram_bank_controller_sva.cp_write_completes, 123326 attempts, 257 match
"/mnt/vol_NFS_rh003/estudiantes/TFG_Sebastian_Barrantes_2026/Controlador_de_Memoria_TFG/RTL/SVA/sram_bank_controller_sva.sv", 338: tb_top.dut.gen_bank[11].u_bank.u_sram_bank_controller_sva.cp_read_completes, 123326 attempts, 205 match
"/mnt/vol_NFS_rh003/estudiantes/TFG_Sebastian_Barrantes_2026/Controlador_de_Memoria_TFG/RTL/SVA/sram_bank_controller_sva.sv", 343: tb_top.dut.gen_bank[11].u_bank.u_sram_bank_controller_sva.cp_wait_state_reached, 123326 attempts, 0 match
"/mnt/vol_NFS_rh003/estudiantes/TFG_Sebastian_Barrantes_2026/Controlador_de_Memoria_TFG/RTL/SVA/sram_bank_controller_sva.sv", 348: tb_top.dut.gen_bank[11].u_bank.u_sram_bank_controller_sva.cp_back_to_back, 123326 attempts, 0 match
"/mnt/vol_NFS_rh003/estudiantes/TFG_Sebastian_Barrantes_2026/Controlador_de_Memoria_TFG/RTL/SVA/sram_bank_controller_sva.sv", 333: tb_top.dut.gen_bank[10].u_bank.u_sram_bank_controller_sva.cp_write_completes, 123326 attempts, 256 match
"/mnt/vol_NFS_rh003/estudiantes/TFG_Sebastian_Barrantes_2026/Controlador_de_Memoria_TFG/RTL/SVA/sram_bank_controller_sva.sv", 338: tb_top.dut.gen_bank[10].u_bank.u_sram_bank_controller_sva.cp_read_completes, 123326 attempts, 211 match
"/mnt/vol_NFS_rh003/estudiantes/TFG_Sebastian_Barrantes_2026/Controlador_de_Memoria_TFG/RTL/SVA/sram_bank_controller_sva.sv", 343: tb_top.dut.gen_bank[10].u_bank.u_sram_bank_controller_sva.cp_wait_state_reached, 123326 attempts, 0 match
"/mnt/vol_NFS_rh003/estudiantes/TFG_Sebastian_Barrantes_2026/Controlador_de_Memoria_TFG/RTL/SVA/sram_bank_controller_sva.sv", 348: tb_top.dut.gen_bank[10].u_bank.u_sram_bank_controller_sva.cp_back_to_back, 123326 attempts, 0 match
"/mnt/vol_NFS_rh003/estudiantes/TFG_Sebastian_Barrantes_2026/Controlador_de_Memoria_TFG/RTL/SVA/sram_bank_controller_sva.sv", 333: tb_top.dut.gen_bank[9].u_bank.u_sram_bank_controller_sva.cp_write_completes, 123326 attempts, 230 match
"/mnt/vol_NFS_rh003/estudiantes/TFG_Sebastian_Barrantes_2026/Controlador_de_Memoria_TFG/RTL/SVA/sram_bank_controller_sva.sv", 338: tb_top.dut.gen_bank[9].u_bank.u_sram_bank_controller_sva.cp_read_completes, 123326 attempts, 216 match
"/mnt/vol_NFS_rh003/estudiantes/TFG_Sebastian_Barrantes_2026/Controlador_de_Memoria_TFG/RTL/SVA/sram_bank_controller_sva.sv", 343: tb_top.dut.gen_bank[9].u_bank.u_sram_bank_controller_sva.cp_wait_state_reached, 123326 attempts, 0 match
"/mnt/vol_NFS_rh003/estudiantes/TFG_Sebastian_Barrantes_2026/Controlador_de_Memoria_TFG/RTL/SVA/sram_bank_controller_sva.sv", 348: tb_top.dut.gen_bank[9].u_bank.u_sram_bank_controller_sva.cp_back_to_back, 123326 attempts, 0 match
"/mnt/vol_NFS_rh003/estudiantes/TFG_Sebastian_Barrantes_2026/Controlador_de_Memoria_TFG/RTL/SVA/sram_bank_controller_sva.sv", 333: tb_top.dut.gen_bank[8].u_bank.u_sram_bank_controller_sva.cp_write_completes, 123326 attempts, 227 match
"/mnt/vol_NFS_rh003/estudiantes/TFG_Sebastian_Barrantes_2026/Controlador_de_Memoria_TFG/RTL/SVA/sram_bank_controller_sva.sv", 338: tb_top.dut.gen_bank[8].u_bank.u_sram_bank_controller_sva.cp_read_completes, 123326 attempts, 210 match
"/mnt/vol_NFS_rh003/estudiantes/TFG_Sebastian_Barrantes_2026/Controlador_de_Memoria_TFG/RTL/SVA/sram_bank_controller_sva.sv", 343: tb_top.dut.gen_bank[8].u_bank.u_sram_bank_controller_sva.cp_wait_state_reached, 123326 attempts, 0 match
"/mnt/vol_NFS_rh003/estudiantes/TFG_Sebastian_Barrantes_2026/Controlador_de_Memoria_TFG/RTL/SVA/sram_bank_controller_sva.sv", 348: tb_top.dut.gen_bank[8].u_bank.u_sram_bank_controller_sva.cp_back_to_back, 123326 attempts, 0 match
"/mnt/vol_NFS_rh003/estudiantes/TFG_Sebastian_Barrantes_2026/Controlador_de_Memoria_TFG/RTL/SVA/sram_bank_controller_sva.sv", 333: tb_top.dut.gen_bank[7].u_bank.u_sram_bank_controller_sva.cp_write_completes, 123326 attempts, 242 match
"/mnt/vol_NFS_rh003/estudiantes/TFG_Sebastian_Barrantes_2026/Controlador_de_Memoria_TFG/RTL/SVA/sram_bank_controller_sva.sv", 338: tb_top.dut.gen_bank[7].u_bank.u_sram_bank_controller_sva.cp_read_completes, 123326 attempts, 221 match
"/mnt/vol_NFS_rh003/estudiantes/TFG_Sebastian_Barrantes_2026/Controlador_de_Memoria_TFG/RTL/SVA/sram_bank_controller_sva.sv", 343: tb_top.dut.gen_bank[7].u_bank.u_sram_bank_controller_sva.cp_wait_state_reached, 123326 attempts, 0 match
"/mnt/vol_NFS_rh003/estudiantes/TFG_Sebastian_Barrantes_2026/Controlador_de_Memoria_TFG/RTL/SVA/sram_bank_controller_sva.sv", 348: tb_top.dut.gen_bank[7].u_bank.u_sram_bank_controller_sva.cp_back_to_back, 123326 attempts, 0 match
"/mnt/vol_NFS_rh003/estudiantes/TFG_Sebastian_Barrantes_2026/Controlador_de_Memoria_TFG/RTL/SVA/sram_bank_controller_sva.sv", 333: tb_top.dut.gen_bank[6].u_bank.u_sram_bank_controller_sva.cp_write_completes, 123326 attempts, 248 match
"/mnt/vol_NFS_rh003/estudiantes/TFG_Sebastian_Barrantes_2026/Controlador_de_Memoria_TFG/RTL/SVA/sram_bank_controller_sva.sv", 338: tb_top.dut.gen_bank[6].u_bank.u_sram_bank_controller_sva.cp_read_completes, 123326 attempts, 207 match
"/mnt/vol_NFS_rh003/estudiantes/TFG_Sebastian_Barrantes_2026/Controlador_de_Memoria_TFG/RTL/SVA/sram_bank_controller_sva.sv", 343: tb_top.dut.gen_bank[6].u_bank.u_sram_bank_controller_sva.cp_wait_state_reached, 123326 attempts, 0 match
"/mnt/vol_NFS_rh003/estudiantes/TFG_Sebastian_Barrantes_2026/Controlador_de_Memoria_TFG/RTL/SVA/sram_bank_controller_sva.sv", 348: tb_top.dut.gen_bank[6].u_bank.u_sram_bank_controller_sva.cp_back_to_back, 123326 attempts, 0 match
"/mnt/vol_NFS_rh003/estudiantes/TFG_Sebastian_Barrantes_2026/Controlador_de_Memoria_TFG/RTL/SVA/sram_bank_controller_sva.sv", 333: tb_top.dut.gen_bank[5].u_bank.u_sram_bank_controller_sva.cp_write_completes, 123326 attempts, 235 match
"/mnt/vol_NFS_rh003/estudiantes/TFG_Sebastian_Barrantes_2026/Controlador_de_Memoria_TFG/RTL/SVA/sram_bank_controller_sva.sv", 338: tb_top.dut.gen_bank[5].u_bank.u_sram_bank_controller_sva.cp_read_completes, 123326 attempts, 216 match
"/mnt/vol_NFS_rh003/estudiantes/TFG_Sebastian_Barrantes_2026/Controlador_de_Memoria_TFG/RTL/SVA/sram_bank_controller_sva.sv", 343: tb_top.dut.gen_bank[5].u_bank.u_sram_bank_controller_sva.cp_wait_state_reached, 123326 attempts, 0 match
"/mnt/vol_NFS_rh003/estudiantes/TFG_Sebastian_Barrantes_2026/Controlador_de_Memoria_TFG/RTL/SVA/sram_bank_controller_sva.sv", 348: tb_top.dut.gen_bank[5].u_bank.u_sram_bank_controller_sva.cp_back_to_back, 123326 attempts, 0 match
"/mnt/vol_NFS_rh003/estudiantes/TFG_Sebastian_Barrantes_2026/Controlador_de_Memoria_TFG/RTL/SVA/sram_bank_controller_sva.sv", 333: tb_top.dut.gen_bank[4].u_bank.u_sram_bank_controller_sva.cp_write_completes, 123326 attempts, 240 match
"/mnt/vol_NFS_rh003/estudiantes/TFG_Sebastian_Barrantes_2026/Controlador_de_Memoria_TFG/RTL/SVA/sram_bank_controller_sva.sv", 338: tb_top.dut.gen_bank[4].u_bank.u_sram_bank_controller_sva.cp_read_completes, 123326 attempts, 197 match
"/mnt/vol_NFS_rh003/estudiantes/TFG_Sebastian_Barrantes_2026/Controlador_de_Memoria_TFG/RTL/SVA/sram_bank_controller_sva.sv", 343: tb_top.dut.gen_bank[4].u_bank.u_sram_bank_controller_sva.cp_wait_state_reached, 123326 attempts, 0 match
"/mnt/vol_NFS_rh003/estudiantes/TFG_Sebastian_Barrantes_2026/Controlador_de_Memoria_TFG/RTL/SVA/sram_bank_controller_sva.sv", 348: tb_top.dut.gen_bank[4].u_bank.u_sram_bank_controller_sva.cp_back_to_back, 123326 attempts, 1 match
"/mnt/vol_NFS_rh003/estudiantes/TFG_Sebastian_Barrantes_2026/Controlador_de_Memoria_TFG/RTL/SVA/sram_bank_controller_sva.sv", 333: tb_top.dut.gen_bank[3].u_bank.u_sram_bank_controller_sva.cp_write_completes, 123326 attempts, 243 match
"/mnt/vol_NFS_rh003/estudiantes/TFG_Sebastian_Barrantes_2026/Controlador_de_Memoria_TFG/RTL/SVA/sram_bank_controller_sva.sv", 338: tb_top.dut.gen_bank[3].u_bank.u_sram_bank_controller_sva.cp_read_completes, 123326 attempts, 219 match
"/mnt/vol_NFS_rh003/estudiantes/TFG_Sebastian_Barrantes_2026/Controlador_de_Memoria_TFG/RTL/SVA/sram_bank_controller_sva.sv", 343: tb_top.dut.gen_bank[3].u_bank.u_sram_bank_controller_sva.cp_wait_state_reached, 123326 attempts, 0 match
"/mnt/vol_NFS_rh003/estudiantes/TFG_Sebastian_Barrantes_2026/Controlador_de_Memoria_TFG/RTL/SVA/sram_bank_controller_sva.sv", 348: tb_top.dut.gen_bank[3].u_bank.u_sram_bank_controller_sva.cp_back_to_back, 123326 attempts, 0 match
"/mnt/vol_NFS_rh003/estudiantes/TFG_Sebastian_Barrantes_2026/Controlador_de_Memoria_TFG/RTL/SVA/sram_bank_controller_sva.sv", 333: tb_top.dut.gen_bank[2].u_bank.u_sram_bank_controller_sva.cp_write_completes, 123326 attempts, 235 match
"/mnt/vol_NFS_rh003/estudiantes/TFG_Sebastian_Barrantes_2026/Controlador_de_Memoria_TFG/RTL/SVA/sram_bank_controller_sva.sv", 338: tb_top.dut.gen_bank[2].u_bank.u_sram_bank_controller_sva.cp_read_completes, 123326 attempts, 195 match
"/mnt/vol_NFS_rh003/estudiantes/TFG_Sebastian_Barrantes_2026/Controlador_de_Memoria_TFG/RTL/SVA/sram_bank_controller_sva.sv", 343: tb_top.dut.gen_bank[2].u_bank.u_sram_bank_controller_sva.cp_wait_state_reached, 123326 attempts, 0 match
"/mnt/vol_NFS_rh003/estudiantes/TFG_Sebastian_Barrantes_2026/Controlador_de_Memoria_TFG/RTL/SVA/sram_bank_controller_sva.sv", 348: tb_top.dut.gen_bank[2].u_bank.u_sram_bank_controller_sva.cp_back_to_back, 123326 attempts, 0 match
"/mnt/vol_NFS_rh003/estudiantes/TFG_Sebastian_Barrantes_2026/Controlador_de_Memoria_TFG/RTL/SVA/sram_bank_controller_sva.sv", 333: tb_top.dut.gen_bank[1].u_bank.u_sram_bank_controller_sva.cp_write_completes, 123326 attempts, 228 match
"/mnt/vol_NFS_rh003/estudiantes/TFG_Sebastian_Barrantes_2026/Controlador_de_Memoria_TFG/RTL/SVA/sram_bank_controller_sva.sv", 338: tb_top.dut.gen_bank[1].u_bank.u_sram_bank_controller_sva.cp_read_completes, 123326 attempts, 201 match
"/mnt/vol_NFS_rh003/estudiantes/TFG_Sebastian_Barrantes_2026/Controlador_de_Memoria_TFG/RTL/SVA/sram_bank_controller_sva.sv", 343: tb_top.dut.gen_bank[1].u_bank.u_sram_bank_controller_sva.cp_wait_state_reached, 123326 attempts, 0 match
"/mnt/vol_NFS_rh003/estudiantes/TFG_Sebastian_Barrantes_2026/Controlador_de_Memoria_TFG/RTL/SVA/sram_bank_controller_sva.sv", 348: tb_top.dut.gen_bank[1].u_bank.u_sram_bank_controller_sva.cp_back_to_back, 123326 attempts, 0 match
"/mnt/vol_NFS_rh003/estudiantes/TFG_Sebastian_Barrantes_2026/Controlador_de_Memoria_TFG/RTL/SVA/sram_bank_controller_sva.sv", 333: tb_top.dut.gen_bank[0].u_bank.u_sram_bank_controller_sva.cp_write_completes, 123326 attempts, 226 match
"/mnt/vol_NFS_rh003/estudiantes/TFG_Sebastian_Barrantes_2026/Controlador_de_Memoria_TFG/RTL/SVA/sram_bank_controller_sva.sv", 338: tb_top.dut.gen_bank[0].u_bank.u_sram_bank_controller_sva.cp_read_completes, 123326 attempts, 214 match
"/mnt/vol_NFS_rh003/estudiantes/TFG_Sebastian_Barrantes_2026/Controlador_de_Memoria_TFG/RTL/SVA/sram_bank_controller_sva.sv", 343: tb_top.dut.gen_bank[0].u_bank.u_sram_bank_controller_sva.cp_wait_state_reached, 123326 attempts, 0 match
"/mnt/vol_NFS_rh003/estudiantes/TFG_Sebastian_Barrantes_2026/Controlador_de_Memoria_TFG/RTL/SVA/sram_bank_controller_sva.sv", 348: tb_top.dut.gen_bank[0].u_bank.u_sram_bank_controller_sva.cp_back_to_back, 123326 attempts, 0 match
"/mnt/vol_NFS_rh003/estudiantes/TFG_Sebastian_Barrantes_2026/Controlador_de_Memoria_TFG/RTL/SVA/rd_response_path_sva.sv", 322: tb_top.dut.u_rd_response_path.u_rd_response_path_sva.c_any_resp_occurred, 123326 attempts, 3350 match
"/mnt/vol_NFS_rh003/estudiantes/TFG_Sebastian_Barrantes_2026/Controlador_de_Memoria_TFG/RTL/SVA/rd_response_path_sva.sv", 329: tb_top.dut.u_rd_response_path.u_rd_response_path_sva.c_multi_resp_concurrent, 123326 attempts, 0 match
"/mnt/vol_NFS_rh003/estudiantes/TFG_Sebastian_Barrantes_2026/Controlador_de_Memoria_TFG/RTL/SVA/rd_response_path_sva.sv", 335: tb_top.dut.u_rd_response_path.u_rd_response_path_sva.c_rob_push_occurred, 123326 attempts, 3350 match
"/mnt/vol_NFS_rh003/estudiantes/TFG_Sebastian_Barrantes_2026/Controlador_de_Memoria_TFG/RTL/SVA/rd_response_path_sva.sv", 341: tb_top.dut.u_rd_response_path.u_rd_response_path_sva.c_rvalid_handshake, 123326 attempts, 3350 match
"/mnt/vol_NFS_rh003/estudiantes/TFG_Sebastian_Barrantes_2026/Controlador_de_Memoria_TFG/RTL/SVA/rd_response_path_sva.sv", 347: tb_top.dut.u_rd_response_path.u_rd_response_path_sva.c_rob_full_occurred, 123326 attempts, 102619 match
"/mnt/vol_NFS_rh003/estudiantes/TFG_Sebastian_Barrantes_2026/Controlador_de_Memoria_TFG/RTL/SVA/rd_response_path_sva.sv", 353: tb_top.dut.u_rd_response_path.u_rd_response_path_sva.c_fifo_full_backpressure, 123326 attempts, 103561 match
"/mnt/vol_NFS_rh003/estudiantes/TFG_Sebastian_Barrantes_2026/Controlador_de_Memoria_TFG/RTL/SVA/rd_response_path_sva.sv", 359: tb_top.dut.u_rd_response_path.u_rd_response_path_sva.c_master_rready_fast, 123326 attempts, 0 match
"/mnt/vol_NFS_rh003/estudiantes/TFG_Sebastian_Barrantes_2026/Controlador_de_Memoria_TFG/RTL/SVA/rd_response_path_sva.sv", 365: tb_top.dut.u_rd_response_path.u_rd_response_path_sva.c_master_rready_slow, 123326 attempts, 103850 match
           V C S   S i m u l a t i o n   R e p o r t 
Time: 1233265000 ps
CPU Time:     16.120 seconds;       Data structure size:   1.0Mb
Wed Jun 10 17:07:30 2026
