Command: /mnt/vol_NFS_rh003/estudiantes/TFG_Sebastian_Barrantes_2026/Controlador_de_Memoria_TFG/Ambiente/Simulaciones/./mem_handler_simv_n8_lat4 +UVM_TESTNAME=mem_full_test +UVM_VERBOSITY=UVM_LOW +uvm_set_config_string=*,csv_dir,/mnt/vol_NFS_rh003/estudiantes/TFG_Sebastian_Barrantes_2026/Controlador_de_Memoria_TFG/Ambiente/Metricas/n8_lat4_bp10 +uvm_set_config_int=*,b_bp_value,10 +uvm_set_config_int=*,r_bp_value,10 +uvm_set_config_int=*,read_latency_val,4 +B_BP=10 +R_BP=10 -l /mnt/vol_NFS_rh003/estudiantes/TFG_Sebastian_Barrantes_2026/Controlador_de_Memoria_TFG/Ambiente/Metricas/n8_lat4_bp10/run.log
Chronologic VCS simulator copyright 1991-2020
Contains Synopsys proprietary information.
Compiler version R-2020.12-SP2_Full64; Runtime version R-2020.12-SP2_Full64;  Jun 16 13:42 2026
UVM_INFO /mnt/vol_NFS_rh003/tools/vcs/R-2020.12-SP2/etc/uvm-1.2/base/uvm_root.svh(402) @ 0: reporter [UVM/RELNOTES] 
----------------------------------------------------------------
UVM-1.2.Synopsys
(C) 2007-2014 Mentor Graphics Corporation
(C) 2007-2014 Cadence Design Systems, Inc.
(C) 2006-2014 Synopsys, Inc.
(C) 2011-2013 Cypress Semiconductor Corp.
(C) 2013-2014 NVIDIA Corporation
----------------------------------------------------------------

  ***********       IMPORTANT RELEASE NOTES         ************

  You are using a version of the UVM library that has been compiled
  with `UVM_OBJECT_DO_NOT_NEED_CONSTRUCTOR undefined.
  See http://www.eda.org/svdb/view.php?id=3770 for more details.

      (Specify +UVM_NO_RELNOTES to turn off this notice)

UVM_INFO @ 0: reporter [RNTST] Running test mem_full_test...
================================================
[TB_TOP] PARAMS: N_BANKS=8  READ_LAT=4  BANK_SIZE=8192
[TB_TOP] DUT inst: dut.N_BANKS=8  dut.READ_LATENCY=4
================================================
UVM_INFO @ 0: reporter [UVM_CMDLINE_PROC] Applying config setting from the command line: +uvm_set_config_int=*,b_bp_value,10
UVM_INFO @ 0: reporter [UVM_CMDLINE_PROC] Applying config setting from the command line: +uvm_set_config_int=*,r_bp_value,10
UVM_INFO @ 0: reporter [UVM_CMDLINE_PROC] Applying config setting from the command line: +uvm_set_config_int=*,read_latency_val,4
UVM_INFO @ 0: reporter [UVM_CMDLINE_PROC] Applying config setting from the command line: +uvm_set_config_string=*,csv_dir,/mnt/vol_NFS_rh003/estudiantes/TFG_Sebastian_Barrantes_2026/Controlador_de_Memoria_TFG/Ambiente/Metricas/n8_lat4_bp10
UVM_INFO /mnt/vol_NFS_rh003/estudiantes/TFG_Sebastian_Barrantes_2026/Controlador_de_Memoria_TFG/Ambiente/mem_ctrl_tests.sv(120) @ 0: uvm_test_top [TEST_PARAMS] env params: TEST_N_BANKS=8  TEST_BANK_SIZE_BYTES=8192
UVM_INFO /mnt/vol_NFS_rh003/estudiantes/TFG_Sebastian_Barrantes_2026/Controlador_de_Memoria_TFG/Ambiente/read_driver.sv(31) @ 0: uvm_test_top.env.rd_agent.driver [RD_DRV] build_phase: r_backpressure_cycles=10
UVM_INFO /mnt/vol_NFS_rh003/estudiantes/TFG_Sebastian_Barrantes_2026/Controlador_de_Memoria_TFG/Ambiente/mem_ctrl_scoreboard.sv(159) @ 0: uvm_test_top.env.sb [SB_CSV] CSV config: dir=/mnt/vol_NFS_rh003/estudiantes/TFG_Sebastian_Barrantes_2026/Controlador_de_Memoria_TFG/Ambiente/Metricas/n8_lat4_bp10 label=mem_full_test b_bp=10 r_bp=10
UVM_INFO /mnt/vol_NFS_rh003/estudiantes/TFG_Sebastian_Barrantes_2026/Controlador_de_Memoria_TFG/Ambiente/write_driver.sv(37) @ 0: uvm_test_top.env.wr_agent.driver [WR_DRV] build_phase: b_backpressure_cycles=10
UVM_INFO /mnt/vol_NFS_rh003/estudiantes/TFG_Sebastian_Barrantes_2026/Controlador_de_Memoria_TFG/Ambiente/mem_ctrl_sequences.sv(266) @ 0: uvm_test_top.env.wr_agent.sequencer@@m_wr [MASTER_WR] === Phase A: GENERAL ===
UVM_INFO /mnt/vol_NFS_rh003/estudiantes/TFG_Sebastian_Barrantes_2026/Controlador_de_Memoria_TFG/Ambiente/mem_ctrl_sequences.sv(279) @ 118295000: uvm_test_top.env.wr_agent.sequencer@@m_wr [MASTER_WR] === Phase B0: SINGLE_BANK=0 ===
UVM_INFO /mnt/vol_NFS_rh003/estudiantes/TFG_Sebastian_Barrantes_2026/Controlador_de_Memoria_TFG/Ambiente/mem_ctrl_sequences.sv(279) @ 130295000: uvm_test_top.env.wr_agent.sequencer@@m_wr [MASTER_WR] === Phase B1: SINGLE_BANK=1 ===
UVM_INFO /mnt/vol_NFS_rh003/estudiantes/TFG_Sebastian_Barrantes_2026/Controlador_de_Memoria_TFG/Ambiente/mem_ctrl_sequences.sv(279) @ 142295000: uvm_test_top.env.wr_agent.sequencer@@m_wr [MASTER_WR] === Phase B2: SINGLE_BANK=2 ===
UVM_INFO /mnt/vol_NFS_rh003/estudiantes/TFG_Sebastian_Barrantes_2026/Controlador_de_Memoria_TFG/Ambiente/mem_ctrl_sequences.sv(279) @ 154295000: uvm_test_top.env.wr_agent.sequencer@@m_wr [MASTER_WR] === Phase B3: SINGLE_BANK=3 ===
UVM_INFO /mnt/vol_NFS_rh003/estudiantes/TFG_Sebastian_Barrantes_2026/Controlador_de_Memoria_TFG/Ambiente/mem_ctrl_sequences.sv(279) @ 166295000: uvm_test_top.env.wr_agent.sequencer@@m_wr [MASTER_WR] === Phase B4: SINGLE_BANK=4 ===
UVM_INFO /mnt/vol_NFS_rh003/estudiantes/TFG_Sebastian_Barrantes_2026/Controlador_de_Memoria_TFG/Ambiente/mem_ctrl_sequences.sv(279) @ 178295000: uvm_test_top.env.wr_agent.sequencer@@m_wr [MASTER_WR] === Phase B5: SINGLE_BANK=5 ===
UVM_INFO /mnt/vol_NFS_rh003/estudiantes/TFG_Sebastian_Barrantes_2026/Controlador_de_Memoria_TFG/Ambiente/mem_ctrl_sequences.sv(279) @ 190295000: uvm_test_top.env.wr_agent.sequencer@@m_wr [MASTER_WR] === Phase B6: SINGLE_BANK=6 ===
UVM_INFO /mnt/vol_NFS_rh003/estudiantes/TFG_Sebastian_Barrantes_2026/Controlador_de_Memoria_TFG/Ambiente/mem_ctrl_sequences.sv(279) @ 202295000: uvm_test_top.env.wr_agent.sequencer@@m_wr [MASTER_WR] === Phase B7: SINGLE_BANK=7 ===
UVM_INFO /mnt/vol_NFS_rh003/estudiantes/TFG_Sebastian_Barrantes_2026/Controlador_de_Memoria_TFG/Ambiente/mem_ctrl_sequences.sv(293) @ 214295000: uvm_test_top.env.wr_agent.sequencer@@m_wr [MASTER_WR] === Phase C: CONFLICT===
UVM_INFO /mnt/vol_NFS_rh003/estudiantes/TFG_Sebastian_Barrantes_2026/Controlador_de_Memoria_TFG/Ambiente/mem_ctrl_sequences.sv(305) @ 274295000: uvm_test_top.env.wr_agent.sequencer@@m_wr [MASTER_WR] === Phase D: INVALID_ADDR ===
UVM_INFO /mnt/vol_NFS_rh003/estudiantes/TFG_Sebastian_Barrantes_2026/Controlador_de_Memoria_TFG/Ambiente/mem_ctrl_sequences.sv(317) @ 279725000: uvm_test_top.env.wr_agent.sequencer@@m_wr [MASTER_WR] === Phase E: WSTRB_STRESS ===
UVM_INFO /mnt/vol_NFS_rh003/estudiantes/TFG_Sebastian_Barrantes_2026/Controlador_de_Memoria_TFG/Ambiente/mem_ctrl_sequences.sv(329) @ 337865000: uvm_test_top.env.wr_agent.sequencer@@m_wr [MASTER_WR] === Phase F: FIFO_SATURATION (WR back-to-back) ===
UVM_INFO /mnt/vol_NFS_rh003/estudiantes/TFG_Sebastian_Barrantes_2026/Controlador_de_Memoria_TFG/Ambiente/mem_ctrl_sequences.sv(379) @ 391865000: uvm_test_top.env.rd_agent.sequencer@@m_rd [MASTER_RD] === Phase A: GENERAL ===
UVM_INFO /mnt/vol_NFS_rh003/estudiantes/TFG_Sebastian_Barrantes_2026/Controlador_de_Memoria_TFG/Ambiente/mem_ctrl_sequences.sv(391) @ 509155000: uvm_test_top.env.rd_agent.sequencer@@m_rd [MASTER_RD] === Phase B0: SINGLE_BANK=0 ===
UVM_INFO /mnt/vol_NFS_rh003/estudiantes/TFG_Sebastian_Barrantes_2026/Controlador_de_Memoria_TFG/Ambiente/mem_ctrl_sequences.sv(391) @ 521155000: uvm_test_top.env.rd_agent.sequencer@@m_rd [MASTER_RD] === Phase B1: SINGLE_BANK=1 ===
UVM_INFO /mnt/vol_NFS_rh003/estudiantes/TFG_Sebastian_Barrantes_2026/Controlador_de_Memoria_TFG/Ambiente/mem_ctrl_sequences.sv(391) @ 533155000: uvm_test_top.env.rd_agent.sequencer@@m_rd [MASTER_RD] === Phase B2: SINGLE_BANK=2 ===
UVM_INFO /mnt/vol_NFS_rh003/estudiantes/TFG_Sebastian_Barrantes_2026/Controlador_de_Memoria_TFG/Ambiente/mem_ctrl_sequences.sv(391) @ 545155000: uvm_test_top.env.rd_agent.sequencer@@m_rd [MASTER_RD] === Phase B3: SINGLE_BANK=3 ===
UVM_INFO /mnt/vol_NFS_rh003/estudiantes/TFG_Sebastian_Barrantes_2026/Controlador_de_Memoria_TFG/Ambiente/mem_ctrl_sequences.sv(391) @ 557155000: uvm_test_top.env.rd_agent.sequencer@@m_rd [MASTER_RD] === Phase B4: SINGLE_BANK=4 ===
UVM_INFO /mnt/vol_NFS_rh003/estudiantes/TFG_Sebastian_Barrantes_2026/Controlador_de_Memoria_TFG/Ambiente/mem_ctrl_sequences.sv(391) @ 569155000: uvm_test_top.env.rd_agent.sequencer@@m_rd [MASTER_RD] === Phase B5: SINGLE_BANK=5 ===
UVM_INFO /mnt/vol_NFS_rh003/estudiantes/TFG_Sebastian_Barrantes_2026/Controlador_de_Memoria_TFG/Ambiente/mem_ctrl_sequences.sv(391) @ 581155000: uvm_test_top.env.rd_agent.sequencer@@m_rd [MASTER_RD] === Phase B6: SINGLE_BANK=6 ===
UVM_INFO /mnt/vol_NFS_rh003/estudiantes/TFG_Sebastian_Barrantes_2026/Controlador_de_Memoria_TFG/Ambiente/mem_ctrl_sequences.sv(391) @ 593155000: uvm_test_top.env.rd_agent.sequencer@@m_rd [MASTER_RD] === Phase B7: SINGLE_BANK=7 ===
UVM_INFO /mnt/vol_NFS_rh003/estudiantes/TFG_Sebastian_Barrantes_2026/Controlador_de_Memoria_TFG/Ambiente/mem_ctrl_sequences.sv(404) @ 605155000: uvm_test_top.env.rd_agent.sequencer@@m_rd [MASTER_RD] === Phase C: CONFLICT ===
UVM_INFO /mnt/vol_NFS_rh003/estudiantes/TFG_Sebastian_Barrantes_2026/Controlador_de_Memoria_TFG/Ambiente/mem_ctrl_sequences.sv(415) @ 665155000: uvm_test_top.env.rd_agent.sequencer@@m_rd [MASTER_RD] === Phase D: INVALID_ADDR ===
UVM_INFO /mnt/vol_NFS_rh003/estudiantes/TFG_Sebastian_Barrantes_2026/Controlador_de_Memoria_TFG/Ambiente/mem_ctrl_sequences.sv(429) @ 669795000: uvm_test_top.env.rd_agent.sequencer@@m_rd [MASTER_RD] === Phase G: ROB_WRAP ===
UVM_INFO /mnt/vol_NFS_rh003/estudiantes/TFG_Sebastian_Barrantes_2026/Controlador_de_Memoria_TFG/Ambiente/mem_ctrl_sequences.sv(435) @ 673085000: uvm_test_top.env.rd_agent.sequencer@@m_rd [MASTER_RD] === Phase F: FIFO_SATURATION (RD back-to-back) ===
UVM_INFO /mnt/vol_NFS_rh003/estudiantes/TFG_Sebastian_Barrantes_2026/Controlador_de_Memoria_TFG/Ambiente/mem_ctrl_coverage.sv(254) @ 747085000: uvm_test_top.env.cov [COV_REPORT] cg_transaction: 96.00% | cg_arbitration: 74.74% | cg_bank_state: 72.22%
UVM_INFO /mnt/vol_NFS_rh003/estudiantes/TFG_Sebastian_Barrantes_2026/Controlador_de_Memoria_TFG/Ambiente/mem_ctrl_scoreboard.sv(399) @ 747085000: uvm_test_top.env.sb [SB_REPORT] ===== MEM_CTRL SCOREBOARD REPORT =====
UVM_INFO /mnt/vol_NFS_rh003/estudiantes/TFG_Sebastian_Barrantes_2026/Controlador_de_Memoria_TFG/Ambiente/mem_ctrl_scoreboard.sv(400) @ 747085000: uvm_test_top.env.sb [SB_REPORT] Writes issued:        3100
UVM_INFO /mnt/vol_NFS_rh003/estudiantes/TFG_Sebastian_Barrantes_2026/Controlador_de_Memoria_TFG/Ambiente/mem_ctrl_scoreboard.sv(401) @ 747085000: uvm_test_top.env.sb [SB_REPORT] Reads issued:         2650
UVM_INFO /mnt/vol_NFS_rh003/estudiantes/TFG_Sebastian_Barrantes_2026/Controlador_de_Memoria_TFG/Ambiente/mem_ctrl_scoreboard.sv(402) @ 747085000: uvm_test_top.env.sb [SB_REPORT] B  responses:         3000
UVM_INFO /mnt/vol_NFS_rh003/estudiantes/TFG_Sebastian_Barrantes_2026/Controlador_de_Memoria_TFG/Ambiente/mem_ctrl_scoreboard.sv(403) @ 747085000: uvm_test_top.env.sb [SB_REPORT] R  responses:         2550
UVM_INFO /mnt/vol_NFS_rh003/estudiantes/TFG_Sebastian_Barrantes_2026/Controlador_de_Memoria_TFG/Ambiente/mem_ctrl_scoreboard.sv(404) @ 747085000: uvm_test_top.env.sb [SB_REPORT] Invalid WR addr (M5): 100
UVM_INFO /mnt/vol_NFS_rh003/estudiantes/TFG_Sebastian_Barrantes_2026/Controlador_de_Memoria_TFG/Ambiente/mem_ctrl_scoreboard.sv(405) @ 747085000: uvm_test_top.env.sb [SB_REPORT] Invalid RD addr (M5): 100
UVM_INFO /mnt/vol_NFS_rh003/estudiantes/TFG_Sebastian_Barrantes_2026/Controlador_de_Memoria_TFG/Ambiente/mem_ctrl_scoreboard.sv(406) @ 747085000: uvm_test_top.env.sb [SB_REPORT] Data mismatches:      0
UVM_INFO /mnt/vol_NFS_rh003/estudiantes/TFG_Sebastian_Barrantes_2026/Controlador_de_Memoria_TFG/Ambiente/mem_ctrl_scoreboard.sv(407) @ 747085000: uvm_test_top.env.sb [SB_REPORT] RAW hazards tolerated:0
UVM_INFO /mnt/vol_NFS_rh003/estudiantes/TFG_Sebastian_Barrantes_2026/Controlador_de_Memoria_TFG/Ambiente/mem_ctrl_scoreboard.sv(408) @ 747085000: uvm_test_top.env.sb [SB_REPORT] Order violations:     0
UVM_INFO /mnt/vol_NFS_rh003/estudiantes/TFG_Sebastian_Barrantes_2026/Controlador_de_Memoria_TFG/Ambiente/mem_ctrl_scoreboard.sv(409) @ 747085000: uvm_test_top.env.sb [SB_REPORT] SLVERR observed:      0
UVM_INFO /mnt/vol_NFS_rh003/estudiantes/TFG_Sebastian_Barrantes_2026/Controlador_de_Memoria_TFG/Ambiente/mem_ctrl_scoreboard.sv(411) @ 747085000: uvm_test_top.env.sb [SB_REPORT] Avg WR latency (cyc): 188.52
UVM_INFO /mnt/vol_NFS_rh003/estudiantes/TFG_Sebastian_Barrantes_2026/Controlador_de_Memoria_TFG/Ambiente/mem_ctrl_scoreboard.sv(412) @ 747085000: uvm_test_top.env.sb [SB_REPORT] Min WR latency (cyc): 14.00
UVM_INFO /mnt/vol_NFS_rh003/estudiantes/TFG_Sebastian_Barrantes_2026/Controlador_de_Memoria_TFG/Ambiente/mem_ctrl_scoreboard.sv(413) @ 747085000: uvm_test_top.env.sb [SB_REPORT] Max WR latency (cyc): 190.00
UVM_INFO /mnt/vol_NFS_rh003/estudiantes/TFG_Sebastian_Barrantes_2026/Controlador_de_Memoria_TFG/Ambiente/mem_ctrl_scoreboard.sv(414) @ 747085000: uvm_test_top.env.sb [SB_REPORT] Avg RD latency (cyc): 281.04
UVM_INFO /mnt/vol_NFS_rh003/estudiantes/TFG_Sebastian_Barrantes_2026/Controlador_de_Memoria_TFG/Ambiente/mem_ctrl_scoreboard.sv(415) @ 747085000: uvm_test_top.env.sb [SB_REPORT] Min RD latency (cyc): 21.00
UVM_INFO /mnt/vol_NFS_rh003/estudiantes/TFG_Sebastian_Barrantes_2026/Controlador_de_Memoria_TFG/Ambiente/mem_ctrl_scoreboard.sv(416) @ 747085000: uvm_test_top.env.sb [SB_REPORT] Max RD latency (cyc): 285.00
UVM_INFO /mnt/vol_NFS_rh003/estudiantes/TFG_Sebastian_Barrantes_2026/Controlador_de_Memoria_TFG/Ambiente/mem_ctrl_scoreboard.sv(418) @ 747085000: uvm_test_top.env.sb [SB_REPORT] Throughput WR (op/cyc):0.0402
UVM_INFO /mnt/vol_NFS_rh003/estudiantes/TFG_Sebastian_Barrantes_2026/Controlador_de_Memoria_TFG/Ambiente/mem_ctrl_scoreboard.sv(419) @ 747085000: uvm_test_top.env.sb [SB_REPORT] Throughput RD (op/cyc):0.0341
UVM_INFO /mnt/vol_NFS_rh003/estudiantes/TFG_Sebastian_Barrantes_2026/Controlador_de_Memoria_TFG/Ambiente/mem_ctrl_scoreboard.sv(420) @ 747085000: uvm_test_top.env.sb [SB_REPORT] Sim time (cyc):       74708
UVM_INFO /mnt/vol_NFS_rh003/estudiantes/TFG_Sebastian_Barrantes_2026/Controlador_de_Memoria_TFG/Ambiente/mem_ctrl_scoreboard.sv(422) @ 747085000: uvm_test_top.env.sb [SB_REPORT] Bank 0: WR=353 RD=313
UVM_INFO /mnt/vol_NFS_rh003/estudiantes/TFG_Sebastian_Barrantes_2026/Controlador_de_Memoria_TFG/Ambiente/mem_ctrl_scoreboard.sv(422) @ 747085000: uvm_test_top.env.sb [SB_REPORT] Bank 1: WR=377 RD=314
UVM_INFO /mnt/vol_NFS_rh003/estudiantes/TFG_Sebastian_Barrantes_2026/Controlador_de_Memoria_TFG/Ambiente/mem_ctrl_scoreboard.sv(422) @ 747085000: uvm_test_top.env.sb [SB_REPORT] Bank 2: WR=374 RD=312
UVM_INFO /mnt/vol_NFS_rh003/estudiantes/TFG_Sebastian_Barrantes_2026/Controlador_de_Memoria_TFG/Ambiente/mem_ctrl_scoreboard.sv(422) @ 747085000: uvm_test_top.env.sb [SB_REPORT] Bank 3: WR=389 RD=327
UVM_INFO /mnt/vol_NFS_rh003/estudiantes/TFG_Sebastian_Barrantes_2026/Controlador_de_Memoria_TFG/Ambiente/mem_ctrl_scoreboard.sv(422) @ 747085000: uvm_test_top.env.sb [SB_REPORT] Bank 4: WR=358 RD=327
UVM_INFO /mnt/vol_NFS_rh003/estudiantes/TFG_Sebastian_Barrantes_2026/Controlador_de_Memoria_TFG/Ambiente/mem_ctrl_scoreboard.sv(422) @ 747085000: uvm_test_top.env.sb [SB_REPORT] Bank 5: WR=414 RD=317
UVM_INFO /mnt/vol_NFS_rh003/estudiantes/TFG_Sebastian_Barrantes_2026/Controlador_de_Memoria_TFG/Ambiente/mem_ctrl_scoreboard.sv(422) @ 747085000: uvm_test_top.env.sb [SB_REPORT] Bank 6: WR=343 RD=319
UVM_INFO /mnt/vol_NFS_rh003/estudiantes/TFG_Sebastian_Barrantes_2026/Controlador_de_Memoria_TFG/Ambiente/mem_ctrl_scoreboard.sv(422) @ 747085000: uvm_test_top.env.sb [SB_REPORT] Bank 7: WR=392 RD=321
UVM_INFO /mnt/vol_NFS_rh003/estudiantes/TFG_Sebastian_Barrantes_2026/Controlador_de_Memoria_TFG/Ambiente/mem_ctrl_scoreboard.sv(467) @ 747085000: uvm_test_top.env.sb [SB_CSV] Summary written to /mnt/vol_NFS_rh003/estudiantes/TFG_Sebastian_Barrantes_2026/Controlador_de_Memoria_TFG/Ambiente/Metricas/n8_lat4_bp10/metrics_summary.csv
UVM_INFO /mnt/vol_NFS_rh003/estudiantes/TFG_Sebastian_Barrantes_2026/Controlador_de_Memoria_TFG/Ambiente/mem_ctrl_scoreboard.sv(493) @ 747085000: uvm_test_top.env.sb [SB_CSV] Latencies written to /mnt/vol_NFS_rh003/estudiantes/TFG_Sebastian_Barrantes_2026/Controlador_de_Memoria_TFG/Ambiente/Metricas/n8_lat4_bp10/latencies_detail.csv (5550 entries)
UVM_INFO /mnt/vol_NFS_rh003/estudiantes/TFG_Sebastian_Barrantes_2026/Controlador_de_Memoria_TFG/Ambiente/mem_ctrl_scoreboard.sv(527) @ 747085000: uvm_test_top.env.sb [SB_CSV] Bank util written to /mnt/vol_NFS_rh003/estudiantes/TFG_Sebastian_Barrantes_2026/Controlador_de_Memoria_TFG/Ambiente/Metricas/n8_lat4_bp10/bank_utilization.csv
UVM_INFO /mnt/vol_NFS_rh003/tools/vcs/R-2020.12-SP2/etc/uvm-1.2/base/uvm_report_catcher.svh(705) @ 747085000: reporter [UVM/REPORT/CATCHER] 
--- UVM Report catcher Summary ---


Number of demoted UVM_FATAL reports  :    0
Number of demoted UVM_ERROR reports  :    0
Number of demoted UVM_WARNING reports:    0
Number of caught UVM_FATAL reports   :    0
Number of caught UVM_ERROR reports   :    0
Number of caught UVM_WARNING reports :    0

UVM_INFO /mnt/vol_NFS_rh003/tools/vcs/R-2020.12-SP2/etc/uvm-1.2/base/uvm_report_server.svh(901) @ 747085000: reporter [UVM/REPORT/SERVER] 
--- UVM Report Summary ---

** Report counts by severity
UVM_INFO :   69
UVM_WARNING :    0
UVM_ERROR :    0
UVM_FATAL :    0
** Report counts by id
[COV_REPORT]     1
[MASTER_RD]    13
[MASTER_WR]    13
[RD_DRV]     1
[RNTST]     1
[SB_CSV]     4
[SB_REPORT]    28
[TEST_PARAMS]     1
[UVM/RELNOTES]     1
[UVM/REPORT/CATCHER]     1
[UVM_CMDLINE_PROC]     4
[WR_DRV]     1

$finish called from file "/mnt/vol_NFS_rh003/tools/vcs/R-2020.12-SP2/etc/uvm-1.2/base/uvm_root.svh", line 527.
[M4] ocupacion max -- WR_REQ=8  RD_REQ=8  RD_RESP=8  B_PEND=7
$finish at simulation time            747085000
"/mnt/vol_NFS_rh003/estudiantes/TFG_Sebastian_Barrantes_2026/Controlador_de_Memoria_TFG/RTL/SVA/sram_bank_controller_sva.sv", 333: tb_top.dut.gen_bank[7].u_bank.u_sram_bank_controller_sva.cp_write_completes, 74708 attempts, 392 match
"/mnt/vol_NFS_rh003/estudiantes/TFG_Sebastian_Barrantes_2026/Controlador_de_Memoria_TFG/RTL/SVA/sram_bank_controller_sva.sv", 338: tb_top.dut.gen_bank[7].u_bank.u_sram_bank_controller_sva.cp_read_completes, 74708 attempts, 321 match
"/mnt/vol_NFS_rh003/estudiantes/TFG_Sebastian_Barrantes_2026/Controlador_de_Memoria_TFG/RTL/SVA/sram_bank_controller_sva.sv", 343: tb_top.dut.gen_bank[7].u_bank.u_sram_bank_controller_sva.cp_wait_state_reached, 74708 attempts, 1605 match
"/mnt/vol_NFS_rh003/estudiantes/TFG_Sebastian_Barrantes_2026/Controlador_de_Memoria_TFG/RTL/SVA/sram_bank_controller_sva.sv", 348: tb_top.dut.gen_bank[7].u_bank.u_sram_bank_controller_sva.cp_back_to_back, 74708 attempts, 1 match
"/mnt/vol_NFS_rh003/estudiantes/TFG_Sebastian_Barrantes_2026/Controlador_de_Memoria_TFG/RTL/SVA/sram_bank_controller_sva.sv", 333: tb_top.dut.gen_bank[6].u_bank.u_sram_bank_controller_sva.cp_write_completes, 74708 attempts, 343 match
"/mnt/vol_NFS_rh003/estudiantes/TFG_Sebastian_Barrantes_2026/Controlador_de_Memoria_TFG/RTL/SVA/sram_bank_controller_sva.sv", 338: tb_top.dut.gen_bank[6].u_bank.u_sram_bank_controller_sva.cp_read_completes, 74708 attempts, 319 match
"/mnt/vol_NFS_rh003/estudiantes/TFG_Sebastian_Barrantes_2026/Controlador_de_Memoria_TFG/RTL/SVA/sram_bank_controller_sva.sv", 343: tb_top.dut.gen_bank[6].u_bank.u_sram_bank_controller_sva.cp_wait_state_reached, 74708 attempts, 1595 match
"/mnt/vol_NFS_rh003/estudiantes/TFG_Sebastian_Barrantes_2026/Controlador_de_Memoria_TFG/RTL/SVA/sram_bank_controller_sva.sv", 348: tb_top.dut.gen_bank[6].u_bank.u_sram_bank_controller_sva.cp_back_to_back, 74708 attempts, 0 match
"/mnt/vol_NFS_rh003/estudiantes/TFG_Sebastian_Barrantes_2026/Controlador_de_Memoria_TFG/RTL/SVA/sram_bank_controller_sva.sv", 333: tb_top.dut.gen_bank[5].u_bank.u_sram_bank_controller_sva.cp_write_completes, 74708 attempts, 414 match
"/mnt/vol_NFS_rh003/estudiantes/TFG_Sebastian_Barrantes_2026/Controlador_de_Memoria_TFG/RTL/SVA/sram_bank_controller_sva.sv", 338: tb_top.dut.gen_bank[5].u_bank.u_sram_bank_controller_sva.cp_read_completes, 74708 attempts, 317 match
"/mnt/vol_NFS_rh003/estudiantes/TFG_Sebastian_Barrantes_2026/Controlador_de_Memoria_TFG/RTL/SVA/sram_bank_controller_sva.sv", 343: tb_top.dut.gen_bank[5].u_bank.u_sram_bank_controller_sva.cp_wait_state_reached, 74708 attempts, 1585 match
"/mnt/vol_NFS_rh003/estudiantes/TFG_Sebastian_Barrantes_2026/Controlador_de_Memoria_TFG/RTL/SVA/sram_bank_controller_sva.sv", 348: tb_top.dut.gen_bank[5].u_bank.u_sram_bank_controller_sva.cp_back_to_back, 74708 attempts, 2 match
"/mnt/vol_NFS_rh003/estudiantes/TFG_Sebastian_Barrantes_2026/Controlador_de_Memoria_TFG/RTL/SVA/sram_bank_controller_sva.sv", 333: tb_top.dut.gen_bank[4].u_bank.u_sram_bank_controller_sva.cp_write_completes, 74708 attempts, 358 match
"/mnt/vol_NFS_rh003/estudiantes/TFG_Sebastian_Barrantes_2026/Controlador_de_Memoria_TFG/RTL/SVA/sram_bank_controller_sva.sv", 338: tb_top.dut.gen_bank[4].u_bank.u_sram_bank_controller_sva.cp_read_completes, 74708 attempts, 327 match
"/mnt/vol_NFS_rh003/estudiantes/TFG_Sebastian_Barrantes_2026/Controlador_de_Memoria_TFG/RTL/SVA/sram_bank_controller_sva.sv", 343: tb_top.dut.gen_bank[4].u_bank.u_sram_bank_controller_sva.cp_wait_state_reached, 74708 attempts, 1635 match
"/mnt/vol_NFS_rh003/estudiantes/TFG_Sebastian_Barrantes_2026/Controlador_de_Memoria_TFG/RTL/SVA/sram_bank_controller_sva.sv", 348: tb_top.dut.gen_bank[4].u_bank.u_sram_bank_controller_sva.cp_back_to_back, 74708 attempts, 0 match
"/mnt/vol_NFS_rh003/estudiantes/TFG_Sebastian_Barrantes_2026/Controlador_de_Memoria_TFG/RTL/SVA/sram_bank_controller_sva.sv", 333: tb_top.dut.gen_bank[3].u_bank.u_sram_bank_controller_sva.cp_write_completes, 74708 attempts, 389 match
"/mnt/vol_NFS_rh003/estudiantes/TFG_Sebastian_Barrantes_2026/Controlador_de_Memoria_TFG/RTL/SVA/sram_bank_controller_sva.sv", 338: tb_top.dut.gen_bank[3].u_bank.u_sram_bank_controller_sva.cp_read_completes, 74708 attempts, 327 match
"/mnt/vol_NFS_rh003/estudiantes/TFG_Sebastian_Barrantes_2026/Controlador_de_Memoria_TFG/RTL/SVA/sram_bank_controller_sva.sv", 343: tb_top.dut.gen_bank[3].u_bank.u_sram_bank_controller_sva.cp_wait_state_reached, 74708 attempts, 1635 match
"/mnt/vol_NFS_rh003/estudiantes/TFG_Sebastian_Barrantes_2026/Controlador_de_Memoria_TFG/RTL/SVA/sram_bank_controller_sva.sv", 348: tb_top.dut.gen_bank[3].u_bank.u_sram_bank_controller_sva.cp_back_to_back, 74708 attempts, 0 match
"/mnt/vol_NFS_rh003/estudiantes/TFG_Sebastian_Barrantes_2026/Controlador_de_Memoria_TFG/RTL/SVA/sram_bank_controller_sva.sv", 333: tb_top.dut.gen_bank[2].u_bank.u_sram_bank_controller_sva.cp_write_completes, 74708 attempts, 374 match
"/mnt/vol_NFS_rh003/estudiantes/TFG_Sebastian_Barrantes_2026/Controlador_de_Memoria_TFG/RTL/SVA/sram_bank_controller_sva.sv", 338: tb_top.dut.gen_bank[2].u_bank.u_sram_bank_controller_sva.cp_read_completes, 74708 attempts, 312 match
"/mnt/vol_NFS_rh003/estudiantes/TFG_Sebastian_Barrantes_2026/Controlador_de_Memoria_TFG/RTL/SVA/sram_bank_controller_sva.sv", 343: tb_top.dut.gen_bank[2].u_bank.u_sram_bank_controller_sva.cp_wait_state_reached, 74708 attempts, 1560 match
"/mnt/vol_NFS_rh003/estudiantes/TFG_Sebastian_Barrantes_2026/Controlador_de_Memoria_TFG/RTL/SVA/sram_bank_controller_sva.sv", 348: tb_top.dut.gen_bank[2].u_bank.u_sram_bank_controller_sva.cp_back_to_back, 74708 attempts, 1 match
"/mnt/vol_NFS_rh003/estudiantes/TFG_Sebastian_Barrantes_2026/Controlador_de_Memoria_TFG/RTL/SVA/sram_bank_controller_sva.sv", 333: tb_top.dut.gen_bank[1].u_bank.u_sram_bank_controller_sva.cp_write_completes, 74708 attempts, 377 match
"/mnt/vol_NFS_rh003/estudiantes/TFG_Sebastian_Barrantes_2026/Controlador_de_Memoria_TFG/RTL/SVA/sram_bank_controller_sva.sv", 338: tb_top.dut.gen_bank[1].u_bank.u_sram_bank_controller_sva.cp_read_completes, 74708 attempts, 314 match
"/mnt/vol_NFS_rh003/estudiantes/TFG_Sebastian_Barrantes_2026/Controlador_de_Memoria_TFG/RTL/SVA/sram_bank_controller_sva.sv", 343: tb_top.dut.gen_bank[1].u_bank.u_sram_bank_controller_sva.cp_wait_state_reached, 74708 attempts, 1570 match
"/mnt/vol_NFS_rh003/estudiantes/TFG_Sebastian_Barrantes_2026/Controlador_de_Memoria_TFG/RTL/SVA/sram_bank_controller_sva.sv", 348: tb_top.dut.gen_bank[1].u_bank.u_sram_bank_controller_sva.cp_back_to_back, 74708 attempts, 0 match
"/mnt/vol_NFS_rh003/estudiantes/TFG_Sebastian_Barrantes_2026/Controlador_de_Memoria_TFG/RTL/SVA/sram_bank_controller_sva.sv", 333: tb_top.dut.gen_bank[0].u_bank.u_sram_bank_controller_sva.cp_write_completes, 74708 attempts, 353 match
"/mnt/vol_NFS_rh003/estudiantes/TFG_Sebastian_Barrantes_2026/Controlador_de_Memoria_TFG/RTL/SVA/sram_bank_controller_sva.sv", 338: tb_top.dut.gen_bank[0].u_bank.u_sram_bank_controller_sva.cp_read_completes, 74708 attempts, 313 match
"/mnt/vol_NFS_rh003/estudiantes/TFG_Sebastian_Barrantes_2026/Controlador_de_Memoria_TFG/RTL/SVA/sram_bank_controller_sva.sv", 343: tb_top.dut.gen_bank[0].u_bank.u_sram_bank_controller_sva.cp_wait_state_reached, 74708 attempts, 1565 match
"/mnt/vol_NFS_rh003/estudiantes/TFG_Sebastian_Barrantes_2026/Controlador_de_Memoria_TFG/RTL/SVA/sram_bank_controller_sva.sv", 348: tb_top.dut.gen_bank[0].u_bank.u_sram_bank_controller_sva.cp_back_to_back, 74708 attempts, 0 match
"/mnt/vol_NFS_rh003/estudiantes/TFG_Sebastian_Barrantes_2026/Controlador_de_Memoria_TFG/RTL/SVA/rd_response_path_sva.sv", 322: tb_top.dut.u_rd_response_path.u_rd_response_path_sva.c_any_resp_occurred, 74708 attempts, 2550 match
"/mnt/vol_NFS_rh003/estudiantes/TFG_Sebastian_Barrantes_2026/Controlador_de_Memoria_TFG/RTL/SVA/rd_response_path_sva.sv", 329: tb_top.dut.u_rd_response_path.u_rd_response_path_sva.c_multi_resp_concurrent, 74708 attempts, 0 match
"/mnt/vol_NFS_rh003/estudiantes/TFG_Sebastian_Barrantes_2026/Controlador_de_Memoria_TFG/RTL/SVA/rd_response_path_sva.sv", 335: tb_top.dut.u_rd_response_path.u_rd_response_path_sva.c_rob_push_occurred, 74708 attempts, 2550 match
"/mnt/vol_NFS_rh003/estudiantes/TFG_Sebastian_Barrantes_2026/Controlador_de_Memoria_TFG/RTL/SVA/rd_response_path_sva.sv", 341: tb_top.dut.u_rd_response_path.u_rd_response_path_sva.c_rvalid_handshake, 74708 attempts, 2550 match
"/mnt/vol_NFS_rh003/estudiantes/TFG_Sebastian_Barrantes_2026/Controlador_de_Memoria_TFG/RTL/SVA/rd_response_path_sva.sv", 347: tb_top.dut.u_rd_response_path.u_rd_response_path_sva.c_rob_full_occurred, 74708 attempts, 27513 match
"/mnt/vol_NFS_rh003/estudiantes/TFG_Sebastian_Barrantes_2026/Controlador_de_Memoria_TFG/RTL/SVA/rd_response_path_sva.sv", 353: tb_top.dut.u_rd_response_path.u_rd_response_path_sva.c_fifo_full_backpressure, 74708 attempts, 27753 match
"/mnt/vol_NFS_rh003/estudiantes/TFG_Sebastian_Barrantes_2026/Controlador_de_Memoria_TFG/RTL/SVA/rd_response_path_sva.sv", 359: tb_top.dut.u_rd_response_path.u_rd_response_path_sva.c_master_rready_fast, 74708 attempts, 0 match
"/mnt/vol_NFS_rh003/estudiantes/TFG_Sebastian_Barrantes_2026/Controlador_de_Memoria_TFG/RTL/SVA/rd_response_path_sva.sv", 365: tb_top.dut.u_rd_response_path.u_rd_response_path_sva.c_master_rready_slow, 74708 attempts, 28050 match
           V C S   S i m u l a t i o n   R e p o r t 
Time: 747085000 ps
CPU Time:      8.350 seconds;       Data structure size:   0.9Mb
Tue Jun 16 13:42:52 2026
