Command: /mnt/vol_NFS_rh003/estudiantes/TFG_Sebastian_Barrantes_2026/Controlador_de_Memoria_TFG/Ambiente/Simulaciones/./mem_handler_simv +UVM_TESTNAME=mem_full_test +UVM_VERBOSITY=UVM_LOW -l smoke.log
Chronologic VCS simulator copyright 1991-2020
Contains Synopsys proprietary information.
Compiler version R-2020.12-SP2_Full64; Runtime version R-2020.12-SP2_Full64;  Jun  5 05:08 2026
UVM_INFO /mnt/vol_NFS_rh003/tools/vcs/R-2020.12-SP2/etc/uvm-1.2/base/uvm_root.svh(402) @ 0: reporter [UVM/RELNOTES] 
----------------------------------------------------------------
UVM-1.2.Synopsys
(C) 2007-2014 Mentor Graphics Corporation
(C) 2007-2014 Cadence Design Systems, Inc.
(C) 2006-2014 Synopsys, Inc.
(C) 2011-2013 Cypress Semiconductor Corp.
(C) 2013-2014 NVIDIA Corporation
----------------------------------------------------------------

  ***********       IMPORTANT RELEASE NOTES         ************

  You are using a version of the UVM library that has been compiled
  with `UVM_OBJECT_DO_NOT_NEED_CONSTRUCTOR undefined.
  See http://www.eda.org/svdb/view.php?id=3770 for more details.

      (Specify +UVM_NO_RELNOTES to turn off this notice)

UVM_INFO @ 0: reporter [RNTST] Running test mem_full_test...
UVM_INFO /mnt/vol_NFS_rh003/estudiantes/TFG_Sebastian_Barrantes_2026/Controlador_de_Memoria_TFG/Ambiente/read_driver.sv(31) @ 0: uvm_test_top.env.rd_agent.driver [RD_DRV] build_phase: r_backpressure_cycles=0
UVM_INFO /mnt/vol_NFS_rh003/estudiantes/TFG_Sebastian_Barrantes_2026/Controlador_de_Memoria_TFG/Ambiente/mem_ctrl_scoreboard.sv(156) @ 0: uvm_test_top.env.sb [SB_CSV] CSV config: dir=. label=mem_full_test b_bp=0 r_bp=0
UVM_INFO /mnt/vol_NFS_rh003/estudiantes/TFG_Sebastian_Barrantes_2026/Controlador_de_Memoria_TFG/Ambiente/write_driver.sv(37) @ 0: uvm_test_top.env.wr_agent.driver [WR_DRV] build_phase: b_backpressure_cycles=0
UVM_INFO /mnt/vol_NFS_rh003/estudiantes/TFG_Sebastian_Barrantes_2026/Controlador_de_Memoria_TFG/Ambiente/mem_ctrl_sequences.sv(266) @ 0: uvm_test_top.env.wr_agent.sequencer@@m_wr [MASTER_WR] === Phase A: GENERAL ===
UVM_INFO /mnt/vol_NFS_rh003/estudiantes/TFG_Sebastian_Barrantes_2026/Controlador_de_Memoria_TFG/Ambiente/mem_ctrl_sequences.sv(272) @ 0: uvm_test_top.env.wr_agent.sequencer@@m_wr [MASTER_WR] Cantidad de transacciones de fase: 1000
UVM_INFO /mnt/vol_NFS_rh003/estudiantes/TFG_Sebastian_Barrantes_2026/Controlador_de_Memoria_TFG/Ambiente/mem_ctrl_sequences.sv(392) @ 0: uvm_test_top.env.rd_agent.sequencer@@m_rd [MASTER_RD] === Phase A: GENERAL ===
UVM_INFO /mnt/vol_NFS_rh003/estudiantes/TFG_Sebastian_Barrantes_2026/Controlador_de_Memoria_TFG/Ambiente/mem_ctrl_sequences.sv(398) @ 0: uvm_test_top.env.rd_agent.sequencer@@m_rd [MASTER_RD] Cantidad de transacciones de fase: 1000
UVM_INFO /mnt/vol_NFS_rh003/estudiantes/TFG_Sebastian_Barrantes_2026/Controlador_de_Memoria_TFG/Ambiente/mem_ctrl_sequences.sv(404) @ 45675000: uvm_test_top.env.rd_agent.sequencer@@m_rd [MASTER_RD] === Phase B0: SINGLE_BANK=0 ===
UVM_INFO /mnt/vol_NFS_rh003/estudiantes/TFG_Sebastian_Barrantes_2026/Controlador_de_Memoria_TFG/Ambiente/mem_ctrl_sequences.sv(411) @ 45675000: uvm_test_top.env.rd_agent.sequencer@@m_rd [MASTER_RD] Cantidad de transacciones de fase: 100
UVM_INFO /mnt/vol_NFS_rh003/estudiantes/TFG_Sebastian_Barrantes_2026/Controlador_de_Memoria_TFG/Ambiente/mem_ctrl_sequences.sv(279) @ 45725000: uvm_test_top.env.wr_agent.sequencer@@m_wr [MASTER_WR] === Phase B0: SINGLE_BANK=0 ===
UVM_INFO /mnt/vol_NFS_rh003/estudiantes/TFG_Sebastian_Barrantes_2026/Controlador_de_Memoria_TFG/Ambiente/mem_ctrl_sequences.sv(286) @ 45725000: uvm_test_top.env.wr_agent.sequencer@@m_wr [MASTER_WR] Cantidad de transacciones de fase: 100
UVM_INFO /mnt/vol_NFS_rh003/estudiantes/TFG_Sebastian_Barrantes_2026/Controlador_de_Memoria_TFG/Ambiente/mem_ctrl_sequences.sv(279) @ 50105000: uvm_test_top.env.wr_agent.sequencer@@m_wr [MASTER_WR] === Phase B1: SINGLE_BANK=1 ===
UVM_INFO /mnt/vol_NFS_rh003/estudiantes/TFG_Sebastian_Barrantes_2026/Controlador_de_Memoria_TFG/Ambiente/mem_ctrl_sequences.sv(286) @ 50105000: uvm_test_top.env.wr_agent.sequencer@@m_wr [MASTER_WR] Cantidad de transacciones de fase: 100
UVM_INFO /mnt/vol_NFS_rh003/estudiantes/TFG_Sebastian_Barrantes_2026/Controlador_de_Memoria_TFG/Ambiente/mem_ctrl_sequences.sv(404) @ 52275000: uvm_test_top.env.rd_agent.sequencer@@m_rd [MASTER_RD] === Phase B1: SINGLE_BANK=1 ===
UVM_INFO /mnt/vol_NFS_rh003/estudiantes/TFG_Sebastian_Barrantes_2026/Controlador_de_Memoria_TFG/Ambiente/mem_ctrl_sequences.sv(411) @ 52275000: uvm_test_top.env.rd_agent.sequencer@@m_rd [MASTER_RD] Cantidad de transacciones de fase: 100
UVM_INFO /mnt/vol_NFS_rh003/estudiantes/TFG_Sebastian_Barrantes_2026/Controlador_de_Memoria_TFG/Ambiente/mem_ctrl_sequences.sv(279) @ 54535000: uvm_test_top.env.wr_agent.sequencer@@m_wr [MASTER_WR] === Phase B2: SINGLE_BANK=2 ===
UVM_INFO /mnt/vol_NFS_rh003/estudiantes/TFG_Sebastian_Barrantes_2026/Controlador_de_Memoria_TFG/Ambiente/mem_ctrl_sequences.sv(286) @ 54535000: uvm_test_top.env.wr_agent.sequencer@@m_wr [MASTER_WR] Cantidad de transacciones de fase: 100
UVM_INFO /mnt/vol_NFS_rh003/estudiantes/TFG_Sebastian_Barrantes_2026/Controlador_de_Memoria_TFG/Ambiente/mem_ctrl_sequences.sv(404) @ 57445000: uvm_test_top.env.rd_agent.sequencer@@m_rd [MASTER_RD] === Phase B2: SINGLE_BANK=2 ===
UVM_INFO /mnt/vol_NFS_rh003/estudiantes/TFG_Sebastian_Barrantes_2026/Controlador_de_Memoria_TFG/Ambiente/mem_ctrl_sequences.sv(411) @ 57445000: uvm_test_top.env.rd_agent.sequencer@@m_rd [MASTER_RD] Cantidad de transacciones de fase: 100
UVM_INFO /mnt/vol_NFS_rh003/estudiantes/TFG_Sebastian_Barrantes_2026/Controlador_de_Memoria_TFG/Ambiente/mem_ctrl_sequences.sv(279) @ 58905000: uvm_test_top.env.wr_agent.sequencer@@m_wr [MASTER_WR] === Phase B3: SINGLE_BANK=3 ===
UVM_INFO /mnt/vol_NFS_rh003/estudiantes/TFG_Sebastian_Barrantes_2026/Controlador_de_Memoria_TFG/Ambiente/mem_ctrl_sequences.sv(286) @ 58905000: uvm_test_top.env.wr_agent.sequencer@@m_wr [MASTER_WR] Cantidad de transacciones de fase: 100
UVM_INFO /mnt/vol_NFS_rh003/estudiantes/TFG_Sebastian_Barrantes_2026/Controlador_de_Memoria_TFG/Ambiente/mem_ctrl_sequences.sv(404) @ 62425000: uvm_test_top.env.rd_agent.sequencer@@m_rd [MASTER_RD] === Phase B3: SINGLE_BANK=3 ===
UVM_INFO /mnt/vol_NFS_rh003/estudiantes/TFG_Sebastian_Barrantes_2026/Controlador_de_Memoria_TFG/Ambiente/mem_ctrl_sequences.sv(411) @ 62425000: uvm_test_top.env.rd_agent.sequencer@@m_rd [MASTER_RD] Cantidad de transacciones de fase: 100
UVM_INFO /mnt/vol_NFS_rh003/estudiantes/TFG_Sebastian_Barrantes_2026/Controlador_de_Memoria_TFG/Ambiente/mem_ctrl_sequences.sv(293) @ 63595000: uvm_test_top.env.wr_agent.sequencer@@m_wr [MASTER_WR] === Phase C: CONFLICT===
UVM_INFO /mnt/vol_NFS_rh003/estudiantes/TFG_Sebastian_Barrantes_2026/Controlador_de_Memoria_TFG/Ambiente/mem_ctrl_sequences.sv(299) @ 63595000: uvm_test_top.env.wr_agent.sequencer@@m_wr [MASTER_WR] Cantidad de transacciones de fase: 500
UVM_INFO /mnt/vol_NFS_rh003/estudiantes/TFG_Sebastian_Barrantes_2026/Controlador_de_Memoria_TFG/Ambiente/mem_ctrl_sequences.sv(417) @ 67045000: uvm_test_top.env.rd_agent.sequencer@@m_rd [MASTER_RD] === Phase C: CONFLICT ===
UVM_INFO /mnt/vol_NFS_rh003/estudiantes/TFG_Sebastian_Barrantes_2026/Controlador_de_Memoria_TFG/Ambiente/mem_ctrl_sequences.sv(423) @ 67045000: uvm_test_top.env.rd_agent.sequencer@@m_rd [MASTER_RD] Cantidad de transacciones de fase: 500
UVM_INFO /mnt/vol_NFS_rh003/estudiantes/TFG_Sebastian_Barrantes_2026/Controlador_de_Memoria_TFG/Ambiente/mem_ctrl_sequences.sv(305) @ 85335000: uvm_test_top.env.wr_agent.sequencer@@m_wr [MASTER_WR] === Phase D: INVALID_ADDR ===
UVM_INFO /mnt/vol_NFS_rh003/estudiantes/TFG_Sebastian_Barrantes_2026/Controlador_de_Memoria_TFG/Ambiente/mem_ctrl_sequences.sv(311) @ 85335000: uvm_test_top.env.wr_agent.sequencer@@m_wr [MASTER_WR] Cantidad de transacciones de fase: 100
UVM_INFO /mnt/vol_NFS_rh003/estudiantes/TFG_Sebastian_Barrantes_2026/Controlador_de_Memoria_TFG/Ambiente/mem_ctrl_sequences.sv(428) @ 88825000: uvm_test_top.env.rd_agent.sequencer@@m_rd [MASTER_RD] === Phase D: INVALID_ADDR ===
UVM_INFO /mnt/vol_NFS_rh003/estudiantes/TFG_Sebastian_Barrantes_2026/Controlador_de_Memoria_TFG/Ambiente/mem_ctrl_sequences.sv(434) @ 88825000: uvm_test_top.env.rd_agent.sequencer@@m_rd [MASTER_RD] Cantidad de transacciones de fase: 100
UVM_INFO /mnt/vol_NFS_rh003/estudiantes/TFG_Sebastian_Barrantes_2026/Controlador_de_Memoria_TFG/Ambiente/mem_ctrl_sequences.sv(317) @ 90045000: uvm_test_top.env.wr_agent.sequencer@@m_wr [MASTER_WR] === Phase E: WSTRB_STRESS ===
UVM_INFO /mnt/vol_NFS_rh003/estudiantes/TFG_Sebastian_Barrantes_2026/Controlador_de_Memoria_TFG/Ambiente/mem_ctrl_sequences.sv(323) @ 90045000: uvm_test_top.env.wr_agent.sequencer@@m_wr [MASTER_WR] Cantidad de transacciones de fase: 500
UVM_INFO /mnt/vol_NFS_rh003/estudiantes/TFG_Sebastian_Barrantes_2026/Controlador_de_Memoria_TFG/Ambiente/mem_ctrl_sequences.sv(442) @ 92815000: uvm_test_top.env.rd_agent.sequencer@@m_rd [MASTER_RD] === Phase G: ROB_WRAP ===
UVM_INFO /mnt/vol_NFS_rh003/estudiantes/TFG_Sebastian_Barrantes_2026/Controlador_de_Memoria_TFG/Ambiente/mem_ctrl_sequences.sv(448) @ 95195000: uvm_test_top.env.rd_agent.sequencer@@m_rd [MASTER_RD] === Phase F: FIFO_SATURATION (RD back-to-back) ===
UVM_INFO /mnt/vol_NFS_rh003/estudiantes/TFG_Sebastian_Barrantes_2026/Controlador_de_Memoria_TFG/Ambiente/mem_ctrl_sequences.sv(453) @ 95195000: uvm_test_top.env.rd_agent.sequencer@@m_rd [MASTER_RD] Cantidad de transacciones de fase: 200
UVM_INFO /mnt/vol_NFS_rh003/estudiantes/TFG_Sebastian_Barrantes_2026/Controlador_de_Memoria_TFG/Ambiente/mem_ctrl_sequences.sv(465) @ 104135000: uvm_test_top.env.rd_agent.sequencer@@m_rd [MASTER_RD] === Phase H: BACKPRESSURE (300 RD) ===
UVM_INFO /mnt/vol_NFS_rh003/estudiantes/TFG_Sebastian_Barrantes_2026/Controlador_de_Memoria_TFG/Ambiente/mem_ctrl_sequences.sv(329) @ 113375000: uvm_test_top.env.wr_agent.sequencer@@m_wr [MASTER_WR] === Phase F: FIFO_SATURATION (WR back-to-back) ===
UVM_INFO /mnt/vol_NFS_rh003/estudiantes/TFG_Sebastian_Barrantes_2026/Controlador_de_Memoria_TFG/Ambiente/mem_ctrl_sequences.sv(340) @ 122485000: uvm_test_top.env.wr_agent.sequencer@@m_wr [MASTER_WR] === Phase H: BACKPRESSURE (300 WR) ===
UVM_INFO /mnt/vol_NFS_rh003/estudiantes/TFG_Sebastian_Barrantes_2026/Controlador_de_Memoria_TFG/Ambiente/mem_ctrl_tests.sv(158) @ 122485000: uvm_test_top [BP_CTRL] Both masters in BACKPRESSURE — activating stalls
UVM_INFO /mnt/vol_NFS_rh003/estudiantes/TFG_Sebastian_Barrantes_2026/Controlador_de_Memoria_TFG/Ambiente/mem_ctrl_sequences.sv(356) @ 136025000: uvm_test_top.env.wr_agent.sequencer@@m_wr [MASTER_WR] === Phase H: BACKPRESSURE (300 WR) ===
UVM_INFO /mnt/vol_NFS_rh003/estudiantes/TFG_Sebastian_Barrantes_2026/Controlador_de_Memoria_TFG/Ambiente/mem_ctrl_tests.sv(166) @ 149225000: uvm_test_top [BP_CTRL] Both masters left BACKPRESSURE — deactivating stalls
UVM_INFO /mnt/vol_NFS_rh003/estudiantes/TFG_Sebastian_Barrantes_2026/Controlador_de_Memoria_TFG/Ambiente/mem_ctrl_coverage.sv(230) @ 169225000: uvm_test_top.env.cov [COV_REPORT] cg_transaction: 96.00% | cg_arbitration: 76.67% | cg_bank_state: 40.00%
UVM_INFO /mnt/vol_NFS_rh003/estudiantes/TFG_Sebastian_Barrantes_2026/Controlador_de_Memoria_TFG/Ambiente/mem_ctrl_scoreboard.sv(394) @ 169225000: uvm_test_top.env.sb [SB_REPORT] ===== MEM_CTRL SCOREBOARD REPORT =====
UVM_INFO /mnt/vol_NFS_rh003/estudiantes/TFG_Sebastian_Barrantes_2026/Controlador_de_Memoria_TFG/Ambiente/mem_ctrl_scoreboard.sv(395) @ 169225000: uvm_test_top.env.sb [SB_REPORT] Writes issued:        3300
UVM_INFO /mnt/vol_NFS_rh003/estudiantes/TFG_Sebastian_Barrantes_2026/Controlador_de_Memoria_TFG/Ambiente/mem_ctrl_scoreboard.sv(396) @ 169225000: uvm_test_top.env.sb [SB_REPORT] Reads issued:         2550
UVM_INFO /mnt/vol_NFS_rh003/estudiantes/TFG_Sebastian_Barrantes_2026/Controlador_de_Memoria_TFG/Ambiente/mem_ctrl_scoreboard.sv(397) @ 169225000: uvm_test_top.env.sb [SB_REPORT] B  responses:         3200
UVM_INFO /mnt/vol_NFS_rh003/estudiantes/TFG_Sebastian_Barrantes_2026/Controlador_de_Memoria_TFG/Ambiente/mem_ctrl_scoreboard.sv(398) @ 169225000: uvm_test_top.env.sb [SB_REPORT] R  responses:         2450
UVM_INFO /mnt/vol_NFS_rh003/estudiantes/TFG_Sebastian_Barrantes_2026/Controlador_de_Memoria_TFG/Ambiente/mem_ctrl_scoreboard.sv(399) @ 169225000: uvm_test_top.env.sb [SB_REPORT] Invalid WR addr (M5): 100
UVM_INFO /mnt/vol_NFS_rh003/estudiantes/TFG_Sebastian_Barrantes_2026/Controlador_de_Memoria_TFG/Ambiente/mem_ctrl_scoreboard.sv(400) @ 169225000: uvm_test_top.env.sb [SB_REPORT] Invalid RD addr (M5): 100
UVM_INFO /mnt/vol_NFS_rh003/estudiantes/TFG_Sebastian_Barrantes_2026/Controlador_de_Memoria_TFG/Ambiente/mem_ctrl_scoreboard.sv(401) @ 169225000: uvm_test_top.env.sb [SB_REPORT] Data mismatches:      0
UVM_INFO /mnt/vol_NFS_rh003/estudiantes/TFG_Sebastian_Barrantes_2026/Controlador_de_Memoria_TFG/Ambiente/mem_ctrl_scoreboard.sv(402) @ 169225000: uvm_test_top.env.sb [SB_REPORT] RAW hazards tolerated:4
UVM_INFO /mnt/vol_NFS_rh003/estudiantes/TFG_Sebastian_Barrantes_2026/Controlador_de_Memoria_TFG/Ambiente/mem_ctrl_scoreboard.sv(403) @ 169225000: uvm_test_top.env.sb [SB_REPORT] Order violations:     0
UVM_INFO /mnt/vol_NFS_rh003/estudiantes/TFG_Sebastian_Barrantes_2026/Controlador_de_Memoria_TFG/Ambiente/mem_ctrl_scoreboard.sv(404) @ 169225000: uvm_test_top.env.sb [SB_REPORT] SLVERR observed:      0
UVM_INFO /mnt/vol_NFS_rh003/estudiantes/TFG_Sebastian_Barrantes_2026/Controlador_de_Memoria_TFG/Ambiente/mem_ctrl_scoreboard.sv(405) @ 169225000: uvm_test_top.env.sb [SB_REPORT] Avg WR latency (ns):  1899.72
UVM_INFO /mnt/vol_NFS_rh003/estudiantes/TFG_Sebastian_Barrantes_2026/Controlador_de_Memoria_TFG/Ambiente/mem_ctrl_scoreboard.sv(406) @ 169225000: uvm_test_top.env.sb [SB_REPORT] Min WR latency (ns):  40.00
UVM_INFO /mnt/vol_NFS_rh003/estudiantes/TFG_Sebastian_Barrantes_2026/Controlador_de_Memoria_TFG/Ambiente/mem_ctrl_scoreboard.sv(407) @ 169225000: uvm_test_top.env.sb [SB_REPORT] Max WR latency (ns):  4980.00
UVM_INFO /mnt/vol_NFS_rh003/estudiantes/TFG_Sebastian_Barrantes_2026/Controlador_de_Memoria_TFG/Ambiente/mem_ctrl_scoreboard.sv(408) @ 169225000: uvm_test_top.env.sb [SB_REPORT] Avg RD latency (ns):  1098.93
UVM_INFO /mnt/vol_NFS_rh003/estudiantes/TFG_Sebastian_Barrantes_2026/Controlador_de_Memoria_TFG/Ambiente/mem_ctrl_scoreboard.sv(409) @ 169225000: uvm_test_top.env.sb [SB_REPORT] Min RD latency (ns):  60.00
UVM_INFO /mnt/vol_NFS_rh003/estudiantes/TFG_Sebastian_Barrantes_2026/Controlador_de_Memoria_TFG/Ambiente/mem_ctrl_scoreboard.sv(410) @ 169225000: uvm_test_top.env.sb [SB_REPORT] Max RD latency (ns):  4910.00
UVM_INFO /mnt/vol_NFS_rh003/estudiantes/TFG_Sebastian_Barrantes_2026/Controlador_de_Memoria_TFG/Ambiente/mem_ctrl_scoreboard.sv(411) @ 169225000: uvm_test_top.env.sb [SB_REPORT] Throughput WR (op/us):18.910
UVM_INFO /mnt/vol_NFS_rh003/estudiantes/TFG_Sebastian_Barrantes_2026/Controlador_de_Memoria_TFG/Ambiente/mem_ctrl_scoreboard.sv(412) @ 169225000: uvm_test_top.env.sb [SB_REPORT] Throughput RD (op/us):14.478
UVM_INFO /mnt/vol_NFS_rh003/estudiantes/TFG_Sebastian_Barrantes_2026/Controlador_de_Memoria_TFG/Ambiente/mem_ctrl_scoreboard.sv(413) @ 169225000: uvm_test_top.env.sb [SB_REPORT] Sim time (ns):        169225
UVM_INFO /mnt/vol_NFS_rh003/estudiantes/TFG_Sebastian_Barrantes_2026/Controlador_de_Memoria_TFG/Ambiente/mem_ctrl_scoreboard.sv(414) @ 169225000: uvm_test_top.env.sb [SB_REPORT] AR queue remaining:   0
UVM_INFO /mnt/vol_NFS_rh003/estudiantes/TFG_Sebastian_Barrantes_2026/Controlador_de_Memoria_TFG/Ambiente/mem_ctrl_scoreboard.sv(416) @ 169225000: uvm_test_top.env.sb [SB_REPORT] Bank 0: WR=734 RD=601
UVM_INFO /mnt/vol_NFS_rh003/estudiantes/TFG_Sebastian_Barrantes_2026/Controlador_de_Memoria_TFG/Ambiente/mem_ctrl_scoreboard.sv(416) @ 169225000: uvm_test_top.env.sb [SB_REPORT] Bank 1: WR=792 RD=617
UVM_INFO /mnt/vol_NFS_rh003/estudiantes/TFG_Sebastian_Barrantes_2026/Controlador_de_Memoria_TFG/Ambiente/mem_ctrl_scoreboard.sv(416) @ 169225000: uvm_test_top.env.sb [SB_REPORT] Bank 2: WR=818 RD=611
UVM_INFO /mnt/vol_NFS_rh003/estudiantes/TFG_Sebastian_Barrantes_2026/Controlador_de_Memoria_TFG/Ambiente/mem_ctrl_scoreboard.sv(416) @ 169225000: uvm_test_top.env.sb [SB_REPORT] Bank 3: WR=756 RD=621
UVM_INFO /mnt/vol_NFS_rh003/estudiantes/TFG_Sebastian_Barrantes_2026/Controlador_de_Memoria_TFG/Ambiente/mem_ctrl_scoreboard.sv(461) @ 169225000: uvm_test_top.env.sb [SB_CSV] Summary written to ./metrics_summary.csv
UVM_INFO /mnt/vol_NFS_rh003/estudiantes/TFG_Sebastian_Barrantes_2026/Controlador_de_Memoria_TFG/Ambiente/mem_ctrl_scoreboard.sv(487) @ 169225000: uvm_test_top.env.sb [SB_CSV] Latencies written to ./latencies_detail.csv (5650 entries)
UVM_INFO /mnt/vol_NFS_rh003/estudiantes/TFG_Sebastian_Barrantes_2026/Controlador_de_Memoria_TFG/Ambiente/mem_ctrl_scoreboard.sv(521) @ 169225000: uvm_test_top.env.sb [SB_CSV] Bank util written to ./bank_utilization.csv
UVM_INFO /mnt/vol_NFS_rh003/tools/vcs/R-2020.12-SP2/etc/uvm-1.2/base/uvm_report_catcher.svh(705) @ 169225000: reporter [UVM/REPORT/CATCHER] 
--- UVM Report catcher Summary ---


Number of demoted UVM_FATAL reports  :    0
Number of demoted UVM_ERROR reports  :    0
Number of demoted UVM_WARNING reports:    0
Number of caught UVM_FATAL reports   :    0
Number of caught UVM_ERROR reports   :    0
Number of caught UVM_WARNING reports :    0

UVM_INFO /mnt/vol_NFS_rh003/tools/vcs/R-2020.12-SP2/etc/uvm-1.2/base/uvm_report_server.svh(901) @ 169225000: reporter [UVM/REPORT/SERVER] 
--- UVM Report Summary ---

** Report counts by severity
UVM_INFO :   74
UVM_WARNING :    0
UVM_ERROR :    0
UVM_FATAL :    0
** Report counts by id
[BP_CTRL]     2
[COV_REPORT]     1
[MASTER_RD]    18
[MASTER_WR]    19
[RD_DRV]     1
[RNTST]     1
[SB_CSV]     4
[SB_REPORT]    25
[UVM/RELNOTES]     1
[UVM/REPORT/CATCHER]     1
[WR_DRV]     1

$finish called from file "/mnt/vol_NFS_rh003/tools/vcs/R-2020.12-SP2/etc/uvm-1.2/base/uvm_root.svh", line 527.
$finish at simulation time            169225000
"/mnt/vol_NFS_rh003/estudiantes/TFG_Sebastian_Barrantes_2026/Controlador_de_Memoria_TFG/RTL/SVA/sram_bank_controller_sva.sv", 333: tb_top.dut.gen_bank[3].u_bank.u_sram_bank_controller_sva.cp_write_completes, 16922 attempts, 784 match
"/mnt/vol_NFS_rh003/estudiantes/TFG_Sebastian_Barrantes_2026/Controlador_de_Memoria_TFG/RTL/SVA/sram_bank_controller_sva.sv", 338: tb_top.dut.gen_bank[3].u_bank.u_sram_bank_controller_sva.cp_read_completes, 16922 attempts, 621 match
"/mnt/vol_NFS_rh003/estudiantes/TFG_Sebastian_Barrantes_2026/Controlador_de_Memoria_TFG/RTL/SVA/sram_bank_controller_sva.sv", 343: tb_top.dut.gen_bank[3].u_bank.u_sram_bank_controller_sva.cp_wait_state_reached, 16922 attempts, 0 match
"/mnt/vol_NFS_rh003/estudiantes/TFG_Sebastian_Barrantes_2026/Controlador_de_Memoria_TFG/RTL/SVA/sram_bank_controller_sva.sv", 348: tb_top.dut.gen_bank[3].u_bank.u_sram_bank_controller_sva.cp_back_to_back, 16922 attempts, 458 match
"/mnt/vol_NFS_rh003/estudiantes/TFG_Sebastian_Barrantes_2026/Controlador_de_Memoria_TFG/RTL/SVA/sram_bank_controller_sva.sv", 333: tb_top.dut.gen_bank[2].u_bank.u_sram_bank_controller_sva.cp_write_completes, 16922 attempts, 842 match
"/mnt/vol_NFS_rh003/estudiantes/TFG_Sebastian_Barrantes_2026/Controlador_de_Memoria_TFG/RTL/SVA/sram_bank_controller_sva.sv", 338: tb_top.dut.gen_bank[2].u_bank.u_sram_bank_controller_sva.cp_read_completes, 16922 attempts, 611 match
"/mnt/vol_NFS_rh003/estudiantes/TFG_Sebastian_Barrantes_2026/Controlador_de_Memoria_TFG/RTL/SVA/sram_bank_controller_sva.sv", 343: tb_top.dut.gen_bank[2].u_bank.u_sram_bank_controller_sva.cp_wait_state_reached, 16922 attempts, 0 match
"/mnt/vol_NFS_rh003/estudiantes/TFG_Sebastian_Barrantes_2026/Controlador_de_Memoria_TFG/RTL/SVA/sram_bank_controller_sva.sv", 348: tb_top.dut.gen_bank[2].u_bank.u_sram_bank_controller_sva.cp_back_to_back, 16922 attempts, 445 match
"/mnt/vol_NFS_rh003/estudiantes/TFG_Sebastian_Barrantes_2026/Controlador_de_Memoria_TFG/RTL/SVA/sram_bank_controller_sva.sv", 333: tb_top.dut.gen_bank[1].u_bank.u_sram_bank_controller_sva.cp_write_completes, 16922 attempts, 819 match
"/mnt/vol_NFS_rh003/estudiantes/TFG_Sebastian_Barrantes_2026/Controlador_de_Memoria_TFG/RTL/SVA/sram_bank_controller_sva.sv", 338: tb_top.dut.gen_bank[1].u_bank.u_sram_bank_controller_sva.cp_read_completes, 16922 attempts, 617 match
"/mnt/vol_NFS_rh003/estudiantes/TFG_Sebastian_Barrantes_2026/Controlador_de_Memoria_TFG/RTL/SVA/sram_bank_controller_sva.sv", 343: tb_top.dut.gen_bank[1].u_bank.u_sram_bank_controller_sva.cp_wait_state_reached, 16922 attempts, 0 match
"/mnt/vol_NFS_rh003/estudiantes/TFG_Sebastian_Barrantes_2026/Controlador_de_Memoria_TFG/RTL/SVA/sram_bank_controller_sva.sv", 348: tb_top.dut.gen_bank[1].u_bank.u_sram_bank_controller_sva.cp_back_to_back, 16922 attempts, 464 match
"/mnt/vol_NFS_rh003/estudiantes/TFG_Sebastian_Barrantes_2026/Controlador_de_Memoria_TFG/RTL/SVA/sram_bank_controller_sva.sv", 333: tb_top.dut.gen_bank[0].u_bank.u_sram_bank_controller_sva.cp_write_completes, 16922 attempts, 755 match
"/mnt/vol_NFS_rh003/estudiantes/TFG_Sebastian_Barrantes_2026/Controlador_de_Memoria_TFG/RTL/SVA/sram_bank_controller_sva.sv", 338: tb_top.dut.gen_bank[0].u_bank.u_sram_bank_controller_sva.cp_read_completes, 16922 attempts, 601 match
"/mnt/vol_NFS_rh003/estudiantes/TFG_Sebastian_Barrantes_2026/Controlador_de_Memoria_TFG/RTL/SVA/sram_bank_controller_sva.sv", 343: tb_top.dut.gen_bank[0].u_bank.u_sram_bank_controller_sva.cp_wait_state_reached, 16922 attempts, 0 match
"/mnt/vol_NFS_rh003/estudiantes/TFG_Sebastian_Barrantes_2026/Controlador_de_Memoria_TFG/RTL/SVA/sram_bank_controller_sva.sv", 348: tb_top.dut.gen_bank[0].u_bank.u_sram_bank_controller_sva.cp_back_to_back, 16922 attempts, 464 match
"/mnt/vol_NFS_rh003/estudiantes/TFG_Sebastian_Barrantes_2026/Controlador_de_Memoria_TFG/RTL/SVA/rd_response_path_sva.sv", 322: tb_top.dut.u_rd_response_path.u_rd_response_path_sva.c_any_resp_occurred, 16922 attempts, 2450 match
"/mnt/vol_NFS_rh003/estudiantes/TFG_Sebastian_Barrantes_2026/Controlador_de_Memoria_TFG/RTL/SVA/rd_response_path_sva.sv", 329: tb_top.dut.u_rd_response_path.u_rd_response_path_sva.c_multi_resp_concurrent, 16922 attempts, 0 match
"/mnt/vol_NFS_rh003/estudiantes/TFG_Sebastian_Barrantes_2026/Controlador_de_Memoria_TFG/RTL/SVA/rd_response_path_sva.sv", 335: tb_top.dut.u_rd_response_path.u_rd_response_path_sva.c_rob_push_occurred, 16922 attempts, 2450 match
"/mnt/vol_NFS_rh003/estudiantes/TFG_Sebastian_Barrantes_2026/Controlador_de_Memoria_TFG/RTL/SVA/rd_response_path_sva.sv", 341: tb_top.dut.u_rd_response_path.u_rd_response_path_sva.c_rvalid_handshake, 16922 attempts, 2450 match
"/mnt/vol_NFS_rh003/estudiantes/TFG_Sebastian_Barrantes_2026/Controlador_de_Memoria_TFG/RTL/SVA/rd_response_path_sva.sv", 347: tb_top.dut.u_rd_response_path.u_rd_response_path_sva.c_rob_full_occurred, 16922 attempts, 0 match
"/mnt/vol_NFS_rh003/estudiantes/TFG_Sebastian_Barrantes_2026/Controlador_de_Memoria_TFG/RTL/SVA/rd_response_path_sva.sv", 353: tb_top.dut.u_rd_response_path.u_rd_response_path_sva.c_fifo_full_backpressure, 16922 attempts, 0 match
"/mnt/vol_NFS_rh003/estudiantes/TFG_Sebastian_Barrantes_2026/Controlador_de_Memoria_TFG/RTL/SVA/rd_response_path_sva.sv", 359: tb_top.dut.u_rd_response_path.u_rd_response_path_sva.c_master_rready_fast, 16922 attempts, 0 match
"/mnt/vol_NFS_rh003/estudiantes/TFG_Sebastian_Barrantes_2026/Controlador_de_Memoria_TFG/RTL/SVA/rd_response_path_sva.sv", 365: tb_top.dut.u_rd_response_path.u_rd_response_path_sva.c_master_rready_slow, 16922 attempts, 2450 match
           V C S   S i m u l a t i o n   R e p o r t 
Time: 169225000 ps
CPU Time:      6.400 seconds;       Data structure size:   0.8Mb
Fri Jun  5 05:08:56 2026
